{"/app/server/controller/action_controller.ts": {"path":"/app/server/controller/action_controller.ts","statementMap":{"0":{"start":{"line":8,"column":16},"end":{"line":29,"column":null}},"1":{"start":{"line":31,"column":20},"end":{"line":55,"column":null}},"2":{"start":{"line":57,"column":17},"end":{"line":94,"column":null}},"3":{"start":{"line":96,"column":17},"end":{"line":142,"column":null}},"4":{"start":{"line":144,"column":17},"end":{"line":168,"column":null}},"5":{"start":{"line":10,"column":18},"end":{"line":10,"column":null}},"6":{"start":{"line":13,"column":2},"end":{"line":21,"column":null}},"7":{"start":{"line":14,"column":3},"end":{"line":18,"column":null}},"8":{"start":{"line":20,"column":3},"end":{"line":20,"column":null}},"9":{"start":{"line":24,"column":2},"end":{"line":28,"column":null}},"10":{"start":{"line":36,"column":18},"end":{"line":36,"column":null}},"11":{"start":{"line":39,"column":2},"end":{"line":47,"column":null}},"12":{"start":{"line":40,"column":3},"end":{"line":44,"column":null}},"13":{"start":{"line":46,"column":3},"end":{"line":46,"column":null}},"14":{"start":{"line":50,"column":2},"end":{"line":54,"column":null}},"15":{"start":{"line":58,"column":16},"end":{"line":58,"column":null}},"16":{"start":{"line":59,"column":15},"end":{"line":59,"column":null}},"17":{"start":{"line":61,"column":32},"end":{"line":61,"column":null}},"18":{"start":{"line":63,"column":2},"end":{"line":66,"column":null}},"19":{"start":{"line":64,"column":23},"end":{"line":64,"column":null}},"20":{"start":{"line":65,"column":3},"end":{"line":65,"column":null}},"21":{"start":{"line":68,"column":18},"end":{"line":77,"column":null}},"22":{"start":{"line":79,"column":2},"end":{"line":87,"column":null}},"23":{"start":{"line":80,"column":3},"end":{"line":84,"column":null}},"24":{"start":{"line":86,"column":3},"end":{"line":86,"column":null}},"25":{"start":{"line":89,"column":2},"end":{"line":93,"column":null}},"26":{"start":{"line":98,"column":16},"end":{"line":98,"column":null}},"27":{"start":{"line":99,"column":15},"end":{"line":99,"column":null}},"28":{"start":{"line":102,"column":22},"end":{"line":102,"column":null}},"29":{"start":{"line":106,"column":2},"end":{"line":112,"column":null}},"30":{"start":{"line":108,"column":3},"end":{"line":108,"column":null}},"31":{"start":{"line":110,"column":3},"end":{"line":111,"column":null}},"32":{"start":{"line":115,"column":18},"end":{"line":123,"column":null}},"33":{"start":{"line":126,"column":2},"end":{"line":134,"column":null}},"34":{"start":{"line":127,"column":3},"end":{"line":131,"column":null}},"35":{"start":{"line":133,"column":3},"end":{"line":133,"column":null}},"36":{"start":{"line":137,"column":2},"end":{"line":141,"column":null}},"37":{"start":{"line":149,"column":18},"end":{"line":149,"column":null}},"38":{"start":{"line":152,"column":2},"end":{"line":160,"column":null}},"39":{"start":{"line":153,"column":3},"end":{"line":157,"column":null}},"40":{"start":{"line":159,"column":3},"end":{"line":159,"column":null}},"41":{"start":{"line":163,"column":2},"end":{"line":167,"column":null}}},"fnMap":{"0":{"name":"(anonymous_0)","decl":{"start":{"line":8,"column":16},"end":{"line":8,"column":23}},"loc":{"start":{"line":8,"column":56},"end":{"line":29,"column":null}},"line":8},"1":{"name":"(anonymous_1)","decl":{"start":{"line":31,"column":20},"end":{"line":31,"column":27}},"loc":{"start":{"line":31,"column":59},"end":{"line":55,"column":null}},"line":31},"2":{"name":"(anonymous_2)","decl":{"start":{"line":57,"column":17},"end":{"line":57,"column":24}},"loc":{"start":{"line":57,"column":56},"end":{"line":94,"column":null}},"line":57},"3":{"name":"(anonymous_3)","decl":{"start":{"line":96,"column":17},"end":{"line":96,"column":24}},"loc":{"start":{"line":96,"column":56},"end":{"line":142,"column":null}},"line":96},"4":{"name":"(anonymous_4)","decl":{"start":{"line":144,"column":17},"end":{"line":144,"column":24}},"loc":{"start":{"line":144,"column":56},"end":{"line":168,"column":null}},"line":144}},"branchMap":{"0":{"loc":{"start":{"line":13,"column":2},"end":{"line":21,"column":null}},"type":"if","locations":[{"start":{"line":13,"column":2},"end":{"line":21,"column":null}},{"start":{},"end":{}}],"line":13},"1":{"loc":{"start":{"line":17,"column":5},"end":{"line":17,"column":null}},"type":"cond-expr","locations":[{"start":{"line":17,"column":45},"end":{"line":17,"column":55}},{"start":{"line":17,"column":55},"end":{"line":17,"column":null}}],"line":17},"2":{"loc":{"start":{"line":39,"column":2},"end":{"line":47,"column":null}},"type":"if","locations":[{"start":{"line":39,"column":2},"end":{"line":47,"column":null}},{"start":{},"end":{}}],"line":39},"3":{"loc":{"start":{"line":43,"column":5},"end":{"line":43,"column":null}},"type":"cond-expr","locations":[{"start":{"line":43,"column":45},"end":{"line":43,"column":55}},{"start":{"line":43,"column":55},"end":{"line":43,"column":null}}],"line":43},"4":{"loc":{"start":{"line":63,"column":2},"end":{"line":66,"column":null}},"type":"if","locations":[{"start":{"line":63,"column":2},"end":{"line":66,"column":null}},{"start":{},"end":{}}],"line":63},"5":{"loc":{"start":{"line":71,"column":14},"end":{"line":71,"column":null}},"type":"cond-expr","locations":[{"start":{"line":71,"column":35},"end":{"line":71,"column":56}},{"start":{"line":71,"column":56},"end":{"line":71,"column":null}}],"line":71},"6":{"loc":{"start":{"line":72,"column":19},"end":{"line":72,"column":null}},"type":"cond-expr","locations":[{"start":{"line":72,"column":45},"end":{"line":72,"column":71}},{"start":{"line":72,"column":71},"end":{"line":72,"column":null}}],"line":72},"7":{"loc":{"start":{"line":73,"column":25},"end":{"line":75,"column":null}},"type":"cond-expr","locations":[{"start":{"line":74,"column":6},"end":{"line":74,"column":null}},{"start":{"line":75,"column":6},"end":{"line":75,"column":null}}],"line":73},"8":{"loc":{"start":{"line":76,"column":11},"end":{"line":76,"column":null}},"type":"cond-expr","locations":[{"start":{"line":76,"column":29},"end":{"line":76,"column":47}},{"start":{"line":76,"column":47},"end":{"line":76,"column":null}}],"line":76},"9":{"loc":{"start":{"line":79,"column":2},"end":{"line":87,"column":null}},"type":"if","locations":[{"start":{"line":79,"column":2},"end":{"line":87,"column":null}},{"start":{},"end":{}}],"line":79},"10":{"loc":{"start":{"line":83,"column":5},"end":{"line":83,"column":null}},"type":"cond-expr","locations":[{"start":{"line":83,"column":45},"end":{"line":83,"column":55}},{"start":{"line":83,"column":55},"end":{"line":83,"column":null}}],"line":83},"11":{"loc":{"start":{"line":106,"column":2},"end":{"line":112,"column":null}},"type":"if","locations":[{"start":{"line":106,"column":2},"end":{"line":112,"column":null}},{"start":{"line":109,"column":9},"end":{"line":112,"column":null}}],"line":106},"12":{"loc":{"start":{"line":118,"column":14},"end":{"line":118,"column":null}},"type":"cond-expr","locations":[{"start":{"line":118,"column":35},"end":{"line":118,"column":56}},{"start":{"line":118,"column":56},"end":{"line":118,"column":null}}],"line":118},"13":{"loc":{"start":{"line":119,"column":19},"end":{"line":119,"column":null}},"type":"cond-expr","locations":[{"start":{"line":119,"column":45},"end":{"line":119,"column":71}},{"start":{"line":119,"column":71},"end":{"line":119,"column":null}}],"line":119},"14":{"loc":{"start":{"line":120,"column":25},"end":{"line":122,"column":null}},"type":"cond-expr","locations":[{"start":{"line":121,"column":6},"end":{"line":121,"column":null}},{"start":{"line":122,"column":6},"end":{"line":122,"column":null}}],"line":120},"15":{"loc":{"start":{"line":126,"column":2},"end":{"line":134,"column":null}},"type":"if","locations":[{"start":{"line":126,"column":2},"end":{"line":134,"column":null}},{"start":{},"end":{}}],"line":126},"16":{"loc":{"start":{"line":130,"column":5},"end":{"line":130,"column":null}},"type":"cond-expr","locations":[{"start":{"line":130,"column":45},"end":{"line":130,"column":55}},{"start":{"line":130,"column":55},"end":{"line":130,"column":null}}],"line":130},"17":{"loc":{"start":{"line":152,"column":2},"end":{"line":160,"column":null}},"type":"if","locations":[{"start":{"line":152,"column":2},"end":{"line":160,"column":null}},{"start":{},"end":{}}],"line":152},"18":{"loc":{"start":{"line":156,"column":5},"end":{"line":156,"column":null}},"type":"cond-expr","locations":[{"start":{"line":156,"column":45},"end":{"line":156,"column":55}},{"start":{"line":156,"column":55},"end":{"line":156,"column":null}}],"line":156}},"s":{"0":0,"1":0,"2":0,"3":0,"4":0,"5":0,"6":0,"7":0,"8":0,"9":0,"10":0,"11":0,"12":0,"13":0,"14":0,"15":0,"16":0,"17":0,"18":0,"19":0,"20":0,"21":0,"22":0,"23":0,"24":0,"25":0,"26":0,"27":0,"28":0,"29":0,"30":0,"31":0,"32":0,"33":0,"34":0,"35":0,"36":0,"37":0,"38":0,"39":0,"40":0,"41":0},"f":{"0":0,"1":0,"2":0,"3":0,"4":0},"b":{"0":[0,0],"1":[0,0],"2":[0,0],"3":[0,0],"4":[0,0],"5":[0,0],"6":[0,0],"7":[0,0],"8":[0,0],"9":[0,0],"10":[0,0],"11":[0,0],"12":[0,0],"13":[0,0],"14":[0,0],"15":[0,0],"16":[0,0],"17":[0,0],"18":[0,0]},"meta":{"lastBranch":19,"lastFunction":5,"lastStatement":42,"seen":{"s:8:16:29:Infinity":0,"s:31:20:55:Infinity":1,"s:57:17:94:Infinity":2,"s:96:17:142:Infinity":3,"s:144:17:168:Infinity":4,"f:8:16:8:23":0,"s:10:18:10:Infinity":5,"b:13:2:21:Infinity:undefined:undefined:undefined:undefined":0,"s:13:2:21:Infinity":6,"s:14:3:18:Infinity":7,"b:17:45:17:55:17:55:17:Infinity":1,"s:20:3:20:Infinity":8,"s:24:2:28:Infinity":9,"f:31:20:31:27":1,"s:36:18:36:Infinity":10,"b:39:2:47:Infinity:undefined:undefined:undefined:undefined":2,"s:39:2:47:Infinity":11,"s:40:3:44:Infinity":12,"b:43:45:43:55:43:55:43:Infinity":3,"s:46:3:46:Infinity":13,"s:50:2:54:Infinity":14,"f:57:17:57:24":2,"s:58:16:58:Infinity":15,"s:59:15:59:Infinity":16,"s:61:32:61:Infinity":17,"b:63:2:66:Infinity:undefined:undefined:undefined:undefined":4,"s:63:2:66:Infinity":18,"s:64:23:64:Infinity":19,"s:65:3:65:Infinity":20,"s:68:18:77:Infinity":21,"b:71:35:71:56:71:56:71:Infinity":5,"b:72:45:72:71:72:71:72:Infinity":6,"b:74:6:74:Infinity:75:6:75:Infinity":7,"b:76:29:76:47:76:47:76:Infinity":8,"b:79:2:87:Infinity:undefined:undefined:undefined:undefined":9,"s:79:2:87:Infinity":22,"s:80:3:84:Infinity":23,"b:83:45:83:55:83:55:83:Infinity":10,"s:86:3:86:Infinity":24,"s:89:2:93:Infinity":25,"f:96:17:96:24":3,"s:98:16:98:Infinity":26,"s:99:15:99:Infinity":27,"s:102:22:102:Infinity":28,"b:106:2:112:Infinity:109:9:112:Infinity":11,"s:106:2:112:Infinity":29,"s:108:3:108:Infinity":30,"s:110:3:111:Infinity":31,"s:115:18:123:Infinity":32,"b:118:35:118:56:118:56:118:Infinity":12,"b:119:45:119:71:119:71:119:Infinity":13,"b:121:6:121:Infinity:122:6:122:Infinity":14,"b:126:2:134:Infinity:undefined:undefined:undefined:undefined":15,"s:126:2:134:Infinity":33,"s:127:3:131:Infinity":34,"b:130:45:130:55:130:55:130:Infinity":16,"s:133:3:133:Infinity":35,"s:137:2:141:Infinity":36,"f:144:17:144:24":4,"s:149:18:149:Infinity":37,"b:152:2:160:Infinity:undefined:undefined:undefined:undefined":17,"s:152:2:160:Infinity":38,"s:153:3:157:Infinity":39,"b:156:45:156:55:156:55:156:Infinity":18,"s:159:3:159:Infinity":40,"s:163:2:167:Infinity":41}}}
,"/app/server/controller/animal_controller.ts": {"path":"/app/server/controller/animal_controller.ts","statementMap":{"0":{"start":{"line":8,"column":16},"end":{"line":29,"column":null}},"1":{"start":{"line":31,"column":20},"end":{"line":53,"column":null}},"2":{"start":{"line":55,"column":17},"end":{"line":91,"column":null}},"3":{"start":{"line":93,"column":17},"end":{"line":138,"column":null}},"4":{"start":{"line":140,"column":17},"end":{"line":162,"column":null}},"5":{"start":{"line":10,"column":18},"end":{"line":10,"column":null}},"6":{"start":{"line":13,"column":2},"end":{"line":21,"column":null}},"7":{"start":{"line":14,"column":3},"end":{"line":18,"column":null}},"8":{"start":{"line":20,"column":3},"end":{"line":20,"column":null}},"9":{"start":{"line":24,"column":2},"end":{"line":28,"column":null}},"10":{"start":{"line":34,"column":18},"end":{"line":34,"column":null}},"11":{"start":{"line":37,"column":2},"end":{"line":45,"column":null}},"12":{"start":{"line":38,"column":3},"end":{"line":42,"column":null}},"13":{"start":{"line":44,"column":3},"end":{"line":44,"column":null}},"14":{"start":{"line":48,"column":2},"end":{"line":52,"column":null}},"15":{"start":{"line":58,"column":3},"end":{"line":59,"column":null}},"16":{"start":{"line":62,"column":22},"end":{"line":62,"column":null}},"17":{"start":{"line":65,"column":19},"end":{"line":65,"column":null}},"18":{"start":{"line":69,"column":18},"end":{"line":72,"column":null}},"19":{"start":{"line":75,"column":2},"end":{"line":83,"column":null}},"20":{"start":{"line":76,"column":3},"end":{"line":80,"column":null}},"21":{"start":{"line":82,"column":3},"end":{"line":82,"column":null}},"22":{"start":{"line":86,"column":2},"end":{"line":90,"column":null}},"23":{"start":{"line":98,"column":3},"end":{"line":99,"column":null}},"24":{"start":{"line":102,"column":22},"end":{"line":102,"column":null}},"25":{"start":{"line":106,"column":2},"end":{"line":112,"column":null}},"26":{"start":{"line":108,"column":3},"end":{"line":108,"column":null}},"27":{"start":{"line":110,"column":3},"end":{"line":111,"column":null}},"28":{"start":{"line":116,"column":18},"end":{"line":119,"column":null}},"29":{"start":{"line":122,"column":2},"end":{"line":130,"column":null}},"30":{"start":{"line":123,"column":3},"end":{"line":127,"column":null}},"31":{"start":{"line":129,"column":3},"end":{"line":129,"column":null}},"32":{"start":{"line":133,"column":2},"end":{"line":137,"column":null}},"33":{"start":{"line":143,"column":18},"end":{"line":143,"column":null}},"34":{"start":{"line":146,"column":2},"end":{"line":154,"column":null}},"35":{"start":{"line":147,"column":3},"end":{"line":151,"column":null}},"36":{"start":{"line":153,"column":3},"end":{"line":153,"column":null}},"37":{"start":{"line":157,"column":2},"end":{"line":161,"column":null}}},"fnMap":{"0":{"name":"(anonymous_0)","decl":{"start":{"line":8,"column":16},"end":{"line":8,"column":23}},"loc":{"start":{"line":8,"column":56},"end":{"line":29,"column":null}},"line":8},"1":{"name":"(anonymous_1)","decl":{"start":{"line":31,"column":20},"end":{"line":31,"column":27}},"loc":{"start":{"line":31,"column":59},"end":{"line":53,"column":null}},"line":31},"2":{"name":"(anonymous_2)","decl":{"start":{"line":55,"column":17},"end":{"line":55,"column":24}},"loc":{"start":{"line":55,"column":56},"end":{"line":91,"column":null}},"line":55},"3":{"name":"(anonymous_3)","decl":{"start":{"line":93,"column":17},"end":{"line":93,"column":24}},"loc":{"start":{"line":93,"column":56},"end":{"line":138,"column":null}},"line":93},"4":{"name":"(anonymous_4)","decl":{"start":{"line":140,"column":17},"end":{"line":140,"column":24}},"loc":{"start":{"line":140,"column":56},"end":{"line":162,"column":null}},"line":140}},"branchMap":{"0":{"loc":{"start":{"line":13,"column":2},"end":{"line":21,"column":null}},"type":"if","locations":[{"start":{"line":13,"column":2},"end":{"line":21,"column":null}},{"start":{},"end":{}}],"line":13},"1":{"loc":{"start":{"line":17,"column":5},"end":{"line":17,"column":null}},"type":"cond-expr","locations":[{"start":{"line":17,"column":45},"end":{"line":17,"column":55}},{"start":{"line":17,"column":55},"end":{"line":17,"column":null}}],"line":17},"2":{"loc":{"start":{"line":37,"column":2},"end":{"line":45,"column":null}},"type":"if","locations":[{"start":{"line":37,"column":2},"end":{"line":45,"column":null}},{"start":{},"end":{}}],"line":37},"3":{"loc":{"start":{"line":41,"column":5},"end":{"line":41,"column":null}},"type":"cond-expr","locations":[{"start":{"line":41,"column":45},"end":{"line":41,"column":55}},{"start":{"line":41,"column":55},"end":{"line":41,"column":null}}],"line":41},"4":{"loc":{"start":{"line":75,"column":2},"end":{"line":83,"column":null}},"type":"if","locations":[{"start":{"line":75,"column":2},"end":{"line":83,"column":null}},{"start":{},"end":{}}],"line":75},"5":{"loc":{"start":{"line":79,"column":5},"end":{"line":79,"column":null}},"type":"cond-expr","locations":[{"start":{"line":79,"column":45},"end":{"line":79,"column":55}},{"start":{"line":79,"column":55},"end":{"line":79,"column":null}}],"line":79},"6":{"loc":{"start":{"line":106,"column":2},"end":{"line":112,"column":null}},"type":"if","locations":[{"start":{"line":106,"column":2},"end":{"line":112,"column":null}},{"start":{"line":109,"column":9},"end":{"line":112,"column":null}}],"line":106},"7":{"loc":{"start":{"line":122,"column":2},"end":{"line":130,"column":null}},"type":"if","locations":[{"start":{"line":122,"column":2},"end":{"line":130,"column":null}},{"start":{},"end":{}}],"line":122},"8":{"loc":{"start":{"line":126,"column":5},"end":{"line":126,"column":null}},"type":"cond-expr","locations":[{"start":{"line":126,"column":45},"end":{"line":126,"column":55}},{"start":{"line":126,"column":55},"end":{"line":126,"column":null}}],"line":126},"9":{"loc":{"start":{"line":146,"column":2},"end":{"line":154,"column":null}},"type":"if","locations":[{"start":{"line":146,"column":2},"end":{"line":154,"column":null}},{"start":{},"end":{}}],"line":146},"10":{"loc":{"start":{"line":150,"column":5},"end":{"line":150,"column":null}},"type":"cond-expr","locations":[{"start":{"line":150,"column":45},"end":{"line":150,"column":55}},{"start":{"line":150,"column":55},"end":{"line":150,"column":null}}],"line":150}},"s":{"0":0,"1":0,"2":0,"3":0,"4":0,"5":0,"6":0,"7":0,"8":0,"9":0,"10":0,"11":0,"12":0,"13":0,"14":0,"15":0,"16":0,"17":0,"18":0,"19":0,"20":0,"21":0,"22":0,"23":0,"24":0,"25":0,"26":0,"27":0,"28":0,"29":0,"30":0,"31":0,"32":0,"33":0,"34":0,"35":0,"36":0,"37":0},"f":{"0":0,"1":0,"2":0,"3":0,"4":0},"b":{"0":[0,0],"1":[0,0],"2":[0,0],"3":[0,0],"4":[0,0],"5":[0,0],"6":[0,0],"7":[0,0],"8":[0,0],"9":[0,0],"10":[0,0]},"meta":{"lastBranch":11,"lastFunction":5,"lastStatement":38,"seen":{"s:8:16:29:Infinity":0,"s:31:20:53:Infinity":1,"s:55:17:91:Infinity":2,"s:93:17:138:Infinity":3,"s:140:17:162:Infinity":4,"f:8:16:8:23":0,"s:10:18:10:Infinity":5,"b:13:2:21:Infinity:undefined:undefined:undefined:undefined":0,"s:13:2:21:Infinity":6,"s:14:3:18:Infinity":7,"b:17:45:17:55:17:55:17:Infinity":1,"s:20:3:20:Infinity":8,"s:24:2:28:Infinity":9,"f:31:20:31:27":1,"s:34:18:34:Infinity":10,"b:37:2:45:Infinity:undefined:undefined:undefined:undefined":2,"s:37:2:45:Infinity":11,"s:38:3:42:Infinity":12,"b:41:45:41:55:41:55:41:Infinity":3,"s:44:3:44:Infinity":13,"s:48:2:52:Infinity":14,"f:55:17:55:24":2,"s:58:3:59:Infinity":15,"s:62:22:62:Infinity":16,"s:65:19:65:Infinity":17,"s:69:18:72:Infinity":18,"b:75:2:83:Infinity:undefined:undefined:undefined:undefined":4,"s:75:2:83:Infinity":19,"s:76:3:80:Infinity":20,"b:79:45:79:55:79:55:79:Infinity":5,"s:82:3:82:Infinity":21,"s:86:2:90:Infinity":22,"f:93:17:93:24":3,"s:98:3:99:Infinity":23,"s:102:22:102:Infinity":24,"b:106:2:112:Infinity:109:9:112:Infinity":6,"s:106:2:112:Infinity":25,"s:108:3:108:Infinity":26,"s:110:3:111:Infinity":27,"s:116:18:119:Infinity":28,"b:122:2:130:Infinity:undefined:undefined:undefined:undefined":7,"s:122:2:130:Infinity":29,"s:123:3:127:Infinity":30,"b:126:45:126:55:126:55:126:Infinity":8,"s:129:3:129:Infinity":31,"s:133:2:137:Infinity":32,"f:140:17:140:24":4,"s:143:18:143:Infinity":33,"b:146:2:154:Infinity:undefined:undefined:undefined:undefined":9,"s:146:2:154:Infinity":34,"s:147:3:151:Infinity":35,"b:150:45:150:55:150:55:150:Infinity":10,"s:153:3:153:Infinity":36,"s:157:2:161:Infinity":37}}}
,"/app/server/controller/association_controller.ts": {"path":"/app/server/controller/association_controller.ts","statementMap":{"0":{"start":{"line":8,"column":16},"end":{"line":29,"column":null}},"1":{"start":{"line":31,"column":20},"end":{"line":52,"column":null}},"2":{"start":{"line":54,"column":17},"end":{"line":90,"column":null}},"3":{"start":{"line":92,"column":17},"end":{"line":138,"column":null}},"4":{"start":{"line":140,"column":17},"end":{"line":164,"column":null}},"5":{"start":{"line":10,"column":18},"end":{"line":10,"column":null}},"6":{"start":{"line":13,"column":2},"end":{"line":21,"column":null}},"7":{"start":{"line":14,"column":3},"end":{"line":18,"column":null}},"8":{"start":{"line":20,"column":3},"end":{"line":20,"column":null}},"9":{"start":{"line":24,"column":2},"end":{"line":28,"column":null}},"10":{"start":{"line":33,"column":18},"end":{"line":33,"column":null}},"11":{"start":{"line":36,"column":2},"end":{"line":44,"column":null}},"12":{"start":{"line":37,"column":3},"end":{"line":41,"column":null}},"13":{"start":{"line":43,"column":3},"end":{"line":43,"column":null}},"14":{"start":{"line":47,"column":2},"end":{"line":51,"column":null}},"15":{"start":{"line":57,"column":3},"end":{"line":58,"column":null}},"16":{"start":{"line":61,"column":22},"end":{"line":61,"column":null}},"17":{"start":{"line":64,"column":19},"end":{"line":64,"column":null}},"18":{"start":{"line":68,"column":18},"end":{"line":71,"column":null}},"19":{"start":{"line":74,"column":2},"end":{"line":82,"column":null}},"20":{"start":{"line":75,"column":3},"end":{"line":79,"column":null}},"21":{"start":{"line":81,"column":3},"end":{"line":81,"column":null}},"22":{"start":{"line":85,"column":2},"end":{"line":89,"column":null}},"23":{"start":{"line":97,"column":3},"end":{"line":98,"column":null}},"24":{"start":{"line":101,"column":22},"end":{"line":101,"column":null}},"25":{"start":{"line":105,"column":2},"end":{"line":112,"column":null}},"26":{"start":{"line":107,"column":3},"end":{"line":107,"column":null}},"27":{"start":{"line":109,"column":3},"end":{"line":111,"column":null}},"28":{"start":{"line":116,"column":18},"end":{"line":119,"column":null}},"29":{"start":{"line":122,"column":2},"end":{"line":130,"column":null}},"30":{"start":{"line":123,"column":3},"end":{"line":127,"column":null}},"31":{"start":{"line":129,"column":3},"end":{"line":129,"column":null}},"32":{"start":{"line":133,"column":2},"end":{"line":137,"column":null}},"33":{"start":{"line":145,"column":18},"end":{"line":145,"column":null}},"34":{"start":{"line":148,"column":2},"end":{"line":156,"column":null}},"35":{"start":{"line":149,"column":3},"end":{"line":153,"column":null}},"36":{"start":{"line":155,"column":3},"end":{"line":155,"column":null}},"37":{"start":{"line":159,"column":2},"end":{"line":163,"column":null}}},"fnMap":{"0":{"name":"(anonymous_0)","decl":{"start":{"line":8,"column":16},"end":{"line":8,"column":23}},"loc":{"start":{"line":8,"column":56},"end":{"line":29,"column":null}},"line":8},"1":{"name":"(anonymous_1)","decl":{"start":{"line":31,"column":20},"end":{"line":31,"column":27}},"loc":{"start":{"line":31,"column":59},"end":{"line":52,"column":null}},"line":31},"2":{"name":"(anonymous_2)","decl":{"start":{"line":54,"column":17},"end":{"line":54,"column":24}},"loc":{"start":{"line":54,"column":56},"end":{"line":90,"column":null}},"line":54},"3":{"name":"(anonymous_3)","decl":{"start":{"line":92,"column":17},"end":{"line":92,"column":24}},"loc":{"start":{"line":92,"column":56},"end":{"line":138,"column":null}},"line":92},"4":{"name":"(anonymous_4)","decl":{"start":{"line":140,"column":17},"end":{"line":140,"column":24}},"loc":{"start":{"line":140,"column":56},"end":{"line":164,"column":null}},"line":140}},"branchMap":{"0":{"loc":{"start":{"line":13,"column":2},"end":{"line":21,"column":null}},"type":"if","locations":[{"start":{"line":13,"column":2},"end":{"line":21,"column":null}},{"start":{},"end":{}}],"line":13},"1":{"loc":{"start":{"line":17,"column":5},"end":{"line":17,"column":null}},"type":"cond-expr","locations":[{"start":{"line":17,"column":45},"end":{"line":17,"column":55}},{"start":{"line":17,"column":55},"end":{"line":17,"column":null}}],"line":17},"2":{"loc":{"start":{"line":36,"column":2},"end":{"line":44,"column":null}},"type":"if","locations":[{"start":{"line":36,"column":2},"end":{"line":44,"column":null}},{"start":{},"end":{}}],"line":36},"3":{"loc":{"start":{"line":40,"column":5},"end":{"line":40,"column":null}},"type":"cond-expr","locations":[{"start":{"line":40,"column":45},"end":{"line":40,"column":55}},{"start":{"line":40,"column":55},"end":{"line":40,"column":null}}],"line":40},"4":{"loc":{"start":{"line":74,"column":2},"end":{"line":82,"column":null}},"type":"if","locations":[{"start":{"line":74,"column":2},"end":{"line":82,"column":null}},{"start":{},"end":{}}],"line":74},"5":{"loc":{"start":{"line":78,"column":5},"end":{"line":78,"column":null}},"type":"cond-expr","locations":[{"start":{"line":78,"column":45},"end":{"line":78,"column":55}},{"start":{"line":78,"column":55},"end":{"line":78,"column":null}}],"line":78},"6":{"loc":{"start":{"line":105,"column":2},"end":{"line":112,"column":null}},"type":"if","locations":[{"start":{"line":105,"column":2},"end":{"line":112,"column":null}},{"start":{"line":108,"column":9},"end":{"line":112,"column":null}}],"line":105},"7":{"loc":{"start":{"line":122,"column":2},"end":{"line":130,"column":null}},"type":"if","locations":[{"start":{"line":122,"column":2},"end":{"line":130,"column":null}},{"start":{},"end":{}}],"line":122},"8":{"loc":{"start":{"line":126,"column":5},"end":{"line":126,"column":null}},"type":"cond-expr","locations":[{"start":{"line":126,"column":45},"end":{"line":126,"column":55}},{"start":{"line":126,"column":55},"end":{"line":126,"column":null}}],"line":126},"9":{"loc":{"start":{"line":148,"column":2},"end":{"line":156,"column":null}},"type":"if","locations":[{"start":{"line":148,"column":2},"end":{"line":156,"column":null}},{"start":{},"end":{}}],"line":148},"10":{"loc":{"start":{"line":152,"column":5},"end":{"line":152,"column":null}},"type":"cond-expr","locations":[{"start":{"line":152,"column":45},"end":{"line":152,"column":55}},{"start":{"line":152,"column":55},"end":{"line":152,"column":null}}],"line":152}},"s":{"0":0,"1":0,"2":0,"3":0,"4":0,"5":0,"6":0,"7":0,"8":0,"9":0,"10":0,"11":0,"12":0,"13":0,"14":0,"15":0,"16":0,"17":0,"18":0,"19":0,"20":0,"21":0,"22":0,"23":0,"24":0,"25":0,"26":0,"27":0,"28":0,"29":0,"30":0,"31":0,"32":0,"33":0,"34":0,"35":0,"36":0,"37":0},"f":{"0":0,"1":0,"2":0,"3":0,"4":0},"b":{"0":[0,0],"1":[0,0],"2":[0,0],"3":[0,0],"4":[0,0],"5":[0,0],"6":[0,0],"7":[0,0],"8":[0,0],"9":[0,0],"10":[0,0]},"meta":{"lastBranch":11,"lastFunction":5,"lastStatement":38,"seen":{"s:8:16:29:Infinity":0,"s:31:20:52:Infinity":1,"s:54:17:90:Infinity":2,"s:92:17:138:Infinity":3,"s:140:17:164:Infinity":4,"f:8:16:8:23":0,"s:10:18:10:Infinity":5,"b:13:2:21:Infinity:undefined:undefined:undefined:undefined":0,"s:13:2:21:Infinity":6,"s:14:3:18:Infinity":7,"b:17:45:17:55:17:55:17:Infinity":1,"s:20:3:20:Infinity":8,"s:24:2:28:Infinity":9,"f:31:20:31:27":1,"s:33:18:33:Infinity":10,"b:36:2:44:Infinity:undefined:undefined:undefined:undefined":2,"s:36:2:44:Infinity":11,"s:37:3:41:Infinity":12,"b:40:45:40:55:40:55:40:Infinity":3,"s:43:3:43:Infinity":13,"s:47:2:51:Infinity":14,"f:54:17:54:24":2,"s:57:3:58:Infinity":15,"s:61:22:61:Infinity":16,"s:64:19:64:Infinity":17,"s:68:18:71:Infinity":18,"b:74:2:82:Infinity:undefined:undefined:undefined:undefined":4,"s:74:2:82:Infinity":19,"s:75:3:79:Infinity":20,"b:78:45:78:55:78:55:78:Infinity":5,"s:81:3:81:Infinity":21,"s:85:2:89:Infinity":22,"f:92:17:92:24":3,"s:97:3:98:Infinity":23,"s:101:22:101:Infinity":24,"b:105:2:112:Infinity:108:9:112:Infinity":6,"s:105:2:112:Infinity":25,"s:107:3:107:Infinity":26,"s:109:3:111:Infinity":27,"s:116:18:119:Infinity":28,"b:122:2:130:Infinity:undefined:undefined:undefined:undefined":7,"s:122:2:130:Infinity":29,"s:123:3:127:Infinity":30,"b:126:45:126:55:126:55:126:Infinity":8,"s:129:3:129:Infinity":31,"s:133:2:137:Infinity":32,"f:140:17:140:24":4,"s:145:18:145:Infinity":33,"b:148:2:156:Infinity:undefined:undefined:undefined:undefined":9,"s:148:2:156:Infinity":34,"s:149:3:153:Infinity":35,"b:152:45:152:55:152:55:152:Infinity":10,"s:155:3:155:Infinity":36,"s:159:2:163:Infinity":37}}}
,"/app/server/controller/contact_controller.ts": {"path":"/app/server/controller/contact_controller.ts","statementMap":{"0":{"start":{"line":6,"column":16},"end":{"line":16,"column":null}},"1":{"start":{"line":19,"column":17},"end":{"line":32,"column":null}},"2":{"start":{"line":8,"column":18},"end":{"line":8,"column":null}},"3":{"start":{"line":11,"column":2},"end":{"line":15,"column":null}},"4":{"start":{"line":21,"column":18},"end":{"line":24,"column":null}},"5":{"start":{"line":27,"column":2},"end":{"line":31,"column":null}}},"fnMap":{"0":{"name":"(anonymous_0)","decl":{"start":{"line":6,"column":16},"end":{"line":6,"column":23}},"loc":{"start":{"line":6,"column":56},"end":{"line":16,"column":null}},"line":6},"1":{"name":"(anonymous_1)","decl":{"start":{"line":19,"column":17},"end":{"line":19,"column":24}},"loc":{"start":{"line":19,"column":56},"end":{"line":32,"column":null}},"line":19}},"branchMap":{},"s":{"0":0,"1":0,"2":0,"3":0,"4":0,"5":0},"f":{"0":0,"1":0},"b":{},"meta":{"lastBranch":0,"lastFunction":2,"lastStatement":6,"seen":{"s:6:16:16:Infinity":0,"s:19:17:32:Infinity":1,"f:6:16:6:23":0,"s:8:18:8:Infinity":2,"s:11:2:15:Infinity":3,"f:19:17:19:24":1,"s:21:18:24:Infinity":4,"s:27:2:31:Infinity":5}}}
,"/app/server/controller/country_controller.ts": {"path":"/app/server/controller/country_controller.ts","statementMap":{"0":{"start":{"line":6,"column":16},"end":{"line":27,"column":null}},"1":{"start":{"line":29,"column":20},"end":{"line":53,"column":null}},"2":{"start":{"line":8,"column":18},"end":{"line":8,"column":null}},"3":{"start":{"line":11,"column":2},"end":{"line":19,"column":null}},"4":{"start":{"line":12,"column":3},"end":{"line":16,"column":null}},"5":{"start":{"line":18,"column":3},"end":{"line":18,"column":null}},"6":{"start":{"line":22,"column":2},"end":{"line":26,"column":null}},"7":{"start":{"line":31,"column":2},"end":{"line":31,"column":null}},"8":{"start":{"line":34,"column":18},"end":{"line":34,"column":null}},"9":{"start":{"line":37,"column":2},"end":{"line":45,"column":null}},"10":{"start":{"line":38,"column":3},"end":{"line":42,"column":null}},"11":{"start":{"line":44,"column":3},"end":{"line":44,"column":null}},"12":{"start":{"line":48,"column":2},"end":{"line":52,"column":null}}},"fnMap":{"0":{"name":"(anonymous_0)","decl":{"start":{"line":6,"column":16},"end":{"line":6,"column":23}},"loc":{"start":{"line":6,"column":56},"end":{"line":27,"column":null}},"line":6},"1":{"name":"(anonymous_1)","decl":{"start":{"line":29,"column":20},"end":{"line":29,"column":27}},"loc":{"start":{"line":29,"column":59},"end":{"line":53,"column":null}},"line":29}},"branchMap":{"0":{"loc":{"start":{"line":11,"column":2},"end":{"line":19,"column":null}},"type":"if","locations":[{"start":{"line":11,"column":2},"end":{"line":19,"column":null}},{"start":{},"end":{}}],"line":11},"1":{"loc":{"start":{"line":15,"column":5},"end":{"line":15,"column":null}},"type":"cond-expr","locations":[{"start":{"line":15,"column":45},"end":{"line":15,"column":55}},{"start":{"line":15,"column":55},"end":{"line":15,"column":null}}],"line":15},"2":{"loc":{"start":{"line":37,"column":2},"end":{"line":45,"column":null}},"type":"if","locations":[{"start":{"line":37,"column":2},"end":{"line":45,"column":null}},{"start":{},"end":{}}],"line":37},"3":{"loc":{"start":{"line":41,"column":5},"end":{"line":41,"column":null}},"type":"cond-expr","locations":[{"start":{"line":41,"column":45},"end":{"line":41,"column":55}},{"start":{"line":41,"column":55},"end":{"line":41,"column":null}}],"line":41}},"s":{"0":0,"1":0,"2":0,"3":0,"4":0,"5":0,"6":0,"7":0,"8":0,"9":0,"10":0,"11":0,"12":0},"f":{"0":0,"1":0},"b":{"0":[0,0],"1":[0,0],"2":[0,0],"3":[0,0]},"meta":{"lastBranch":4,"lastFunction":2,"lastStatement":13,"seen":{"s:6:16:27:Infinity":0,"s:29:20:53:Infinity":1,"f:6:16:6:23":0,"s:8:18:8:Infinity":2,"b:11:2:19:Infinity:undefined:undefined:undefined:undefined":0,"s:11:2:19:Infinity":3,"s:12:3:16:Infinity":4,"b:15:45:15:55:15:55:15:Infinity":1,"s:18:3:18:Infinity":5,"s:22:2:26:Infinity":6,"f:29:20:29:27":1,"s:31:2:31:Infinity":7,"s:34:18:34:Infinity":8,"b:37:2:45:Infinity:undefined:undefined:undefined:undefined":2,"s:37:2:45:Infinity":9,"s:38:3:42:Infinity":10,"b:41:45:41:55:41:55:41:Infinity":3,"s:44:3:44:Infinity":11,"s:48:2:52:Infinity":12}}}
,"/app/server/controller/department_controller.ts": {"path":"/app/server/controller/department_controller.ts","statementMap":{"0":{"start":{"line":6,"column":16},"end":{"line":27,"column":null}},"1":{"start":{"line":29,"column":20},"end":{"line":53,"column":null}},"2":{"start":{"line":8,"column":18},"end":{"line":8,"column":null}},"3":{"start":{"line":11,"column":2},"end":{"line":19,"column":null}},"4":{"start":{"line":12,"column":3},"end":{"line":16,"column":null}},"5":{"start":{"line":18,"column":3},"end":{"line":18,"column":null}},"6":{"start":{"line":22,"column":2},"end":{"line":26,"column":null}},"7":{"start":{"line":31,"column":2},"end":{"line":31,"column":null}},"8":{"start":{"line":34,"column":18},"end":{"line":34,"column":null}},"9":{"start":{"line":37,"column":2},"end":{"line":45,"column":null}},"10":{"start":{"line":38,"column":3},"end":{"line":42,"column":null}},"11":{"start":{"line":44,"column":3},"end":{"line":44,"column":null}},"12":{"start":{"line":48,"column":2},"end":{"line":52,"column":null}}},"fnMap":{"0":{"name":"(anonymous_0)","decl":{"start":{"line":6,"column":16},"end":{"line":6,"column":23}},"loc":{"start":{"line":6,"column":56},"end":{"line":27,"column":null}},"line":6},"1":{"name":"(anonymous_1)","decl":{"start":{"line":29,"column":20},"end":{"line":29,"column":27}},"loc":{"start":{"line":29,"column":59},"end":{"line":53,"column":null}},"line":29}},"branchMap":{"0":{"loc":{"start":{"line":11,"column":2},"end":{"line":19,"column":null}},"type":"if","locations":[{"start":{"line":11,"column":2},"end":{"line":19,"column":null}},{"start":{},"end":{}}],"line":11},"1":{"loc":{"start":{"line":15,"column":5},"end":{"line":15,"column":null}},"type":"cond-expr","locations":[{"start":{"line":15,"column":45},"end":{"line":15,"column":55}},{"start":{"line":15,"column":55},"end":{"line":15,"column":null}}],"line":15},"2":{"loc":{"start":{"line":37,"column":2},"end":{"line":45,"column":null}},"type":"if","locations":[{"start":{"line":37,"column":2},"end":{"line":45,"column":null}},{"start":{},"end":{}}],"line":37},"3":{"loc":{"start":{"line":41,"column":5},"end":{"line":41,"column":null}},"type":"cond-expr","locations":[{"start":{"line":41,"column":45},"end":{"line":41,"column":55}},{"start":{"line":41,"column":55},"end":{"line":41,"column":null}}],"line":41}},"s":{"0":0,"1":0,"2":0,"3":0,"4":0,"5":0,"6":0,"7":0,"8":0,"9":0,"10":0,"11":0,"12":0},"f":{"0":0,"1":0},"b":{"0":[0,0],"1":[0,0],"2":[0,0],"3":[0,0]},"meta":{"lastBranch":4,"lastFunction":2,"lastStatement":13,"seen":{"s:6:16:27:Infinity":0,"s:29:20:53:Infinity":1,"f:6:16:6:23":0,"s:8:18:8:Infinity":2,"b:11:2:19:Infinity:undefined:undefined:undefined:undefined":0,"s:11:2:19:Infinity":3,"s:12:3:16:Infinity":4,"b:15:45:15:55:15:55:15:Infinity":1,"s:18:3:18:Infinity":5,"s:22:2:26:Infinity":6,"f:29:20:29:27":1,"s:31:2:31:Infinity":7,"s:34:18:34:Infinity":8,"b:37:2:45:Infinity:undefined:undefined:undefined:undefined":2,"s:37:2:45:Infinity":9,"s:38:3:42:Infinity":10,"b:41:45:41:55:41:55:41:Infinity":3,"s:44:3:44:Infinity":11,"s:48:2:52:Infinity":12}}}
,"/app/server/controller/homepage_controller.ts": {"path":"/app/server/controller/homepage_controller.ts","statementMap":{"0":{"start":{"line":5,"column":16},"end":{"line":11,"column":null}},"1":{"start":{"line":7,"column":2},"end":{"line":10,"column":null}}},"fnMap":{"0":{"name":"(anonymous_0)","decl":{"start":{"line":5,"column":16},"end":{"line":5,"column":17}},"loc":{"start":{"line":5,"column":50},"end":{"line":11,"column":null}},"line":5}},"branchMap":{},"s":{"0":1,"1":1},"f":{"0":1},"b":{},"meta":{"lastBranch":0,"lastFunction":1,"lastStatement":2,"seen":{"s:5:16:11:Infinity":0,"f:5:16:5:17":0,"s:7:2:10:Infinity":1}}}
,"/app/server/controller/role_controller.ts": {"path":"/app/server/controller/role_controller.ts","statementMap":{"0":{"start":{"line":6,"column":16},"end":{"line":27,"column":null}},"1":{"start":{"line":29,"column":20},"end":{"line":50,"column":null}},"2":{"start":{"line":8,"column":18},"end":{"line":8,"column":null}},"3":{"start":{"line":11,"column":2},"end":{"line":19,"column":null}},"4":{"start":{"line":12,"column":3},"end":{"line":16,"column":null}},"5":{"start":{"line":18,"column":3},"end":{"line":18,"column":null}},"6":{"start":{"line":22,"column":2},"end":{"line":26,"column":null}},"7":{"start":{"line":31,"column":18},"end":{"line":31,"column":null}},"8":{"start":{"line":34,"column":2},"end":{"line":42,"column":null}},"9":{"start":{"line":35,"column":3},"end":{"line":39,"column":null}},"10":{"start":{"line":41,"column":3},"end":{"line":41,"column":null}},"11":{"start":{"line":45,"column":2},"end":{"line":49,"column":null}}},"fnMap":{"0":{"name":"(anonymous_0)","decl":{"start":{"line":6,"column":16},"end":{"line":6,"column":23}},"loc":{"start":{"line":6,"column":56},"end":{"line":27,"column":null}},"line":6},"1":{"name":"(anonymous_1)","decl":{"start":{"line":29,"column":20},"end":{"line":29,"column":27}},"loc":{"start":{"line":29,"column":60},"end":{"line":50,"column":null}},"line":29}},"branchMap":{"0":{"loc":{"start":{"line":11,"column":2},"end":{"line":19,"column":null}},"type":"if","locations":[{"start":{"line":11,"column":2},"end":{"line":19,"column":null}},{"start":{},"end":{}}],"line":11},"1":{"loc":{"start":{"line":15,"column":5},"end":{"line":15,"column":null}},"type":"cond-expr","locations":[{"start":{"line":15,"column":45},"end":{"line":15,"column":55}},{"start":{"line":15,"column":55},"end":{"line":15,"column":null}}],"line":15},"2":{"loc":{"start":{"line":34,"column":2},"end":{"line":42,"column":null}},"type":"if","locations":[{"start":{"line":34,"column":2},"end":{"line":42,"column":null}},{"start":{},"end":{}}],"line":34},"3":{"loc":{"start":{"line":38,"column":5},"end":{"line":38,"column":null}},"type":"cond-expr","locations":[{"start":{"line":38,"column":45},"end":{"line":38,"column":55}},{"start":{"line":38,"column":55},"end":{"line":38,"column":null}}],"line":38}},"s":{"0":0,"1":0,"2":0,"3":0,"4":0,"5":0,"6":0,"7":0,"8":0,"9":0,"10":0,"11":0},"f":{"0":0,"1":0},"b":{"0":[0,0],"1":[0,0],"2":[0,0],"3":[0,0]},"meta":{"lastBranch":4,"lastFunction":2,"lastStatement":12,"seen":{"s:6:16:27:Infinity":0,"s:29:20:50:Infinity":1,"f:6:16:6:23":0,"s:8:18:8:Infinity":2,"b:11:2:19:Infinity:undefined:undefined:undefined:undefined":0,"s:11:2:19:Infinity":3,"s:12:3:16:Infinity":4,"b:15:45:15:55:15:55:15:Infinity":1,"s:18:3:18:Infinity":5,"s:22:2:26:Infinity":6,"f:29:20:29:27":1,"s:31:18:31:Infinity":7,"b:34:2:42:Infinity:undefined:undefined:undefined:undefined":2,"s:34:2:42:Infinity":8,"s:35:3:39:Infinity":9,"b:38:45:38:55:38:55:38:Infinity":3,"s:41:3:41:Infinity":10,"s:45:2:49:Infinity":11}}}
,"/app/server/controller/security_controller.ts": {"path":"/app/server/controller/security_controller.ts","statementMap":{"0":{"start":{"line":8,"column":19},"end":{"line":32,"column":null}},"1":{"start":{"line":34,"column":16},"end":{"line":88,"column":null}},"2":{"start":{"line":10,"column":18},"end":{"line":13,"column":null}},"3":{"start":{"line":16,"column":2},"end":{"line":24,"column":null}},"4":{"start":{"line":17,"column":3},"end":{"line":21,"column":null}},"5":{"start":{"line":23,"column":3},"end":{"line":23,"column":null}},"6":{"start":{"line":27,"column":2},"end":{"line":31,"column":null}},"7":{"start":{"line":36,"column":16},"end":{"line":36,"column":null}},"8":{"start":{"line":39,"column":2},"end":{"line":47,"column":null}},"9":{"start":{"line":40,"column":3},"end":{"line":44,"column":null}},"10":{"start":{"line":46,"column":3},"end":{"line":46,"column":null}},"11":{"start":{"line":50,"column":2},"end":{"line":60,"column":null}},"12":{"start":{"line":51,"column":3},"end":{"line":57,"column":null}},"13":{"start":{"line":59,"column":3},"end":{"line":59,"column":null}},"14":{"start":{"line":63,"column":2},"end":{"line":63,"column":null}},"15":{"start":{"line":66,"column":26},"end":{"line":69,"column":null}},"16":{"start":{"line":71,"column":2},"end":{"line":80,"column":null}},"17":{"start":{"line":72,"column":3},"end":{"line":78,"column":null}},"18":{"start":{"line":79,"column":3},"end":{"line":79,"column":null}},"19":{"start":{"line":83,"column":2},"end":{"line":87,"column":null}}},"fnMap":{"0":{"name":"(anonymous_0)","decl":{"start":{"line":8,"column":19},"end":{"line":8,"column":26}},"loc":{"start":{"line":8,"column":58},"end":{"line":32,"column":null}},"line":8},"1":{"name":"(anonymous_1)","decl":{"start":{"line":34,"column":16},"end":{"line":34,"column":23}},"loc":{"start":{"line":34,"column":55},"end":{"line":88,"column":null}},"line":34}},"branchMap":{"0":{"loc":{"start":{"line":16,"column":2},"end":{"line":24,"column":null}},"type":"if","locations":[{"start":{"line":16,"column":2},"end":{"line":24,"column":null}},{"start":{},"end":{}}],"line":16},"1":{"loc":{"start":{"line":20,"column":5},"end":{"line":20,"column":null}},"type":"cond-expr","locations":[{"start":{"line":20,"column":45},"end":{"line":20,"column":55}},{"start":{"line":20,"column":55},"end":{"line":20,"column":null}}],"line":20},"2":{"loc":{"start":{"line":39,"column":2},"end":{"line":47,"column":null}},"type":"if","locations":[{"start":{"line":39,"column":2},"end":{"line":47,"column":null}},{"start":{},"end":{}}],"line":39},"3":{"loc":{"start":{"line":43,"column":5},"end":{"line":43,"column":null}},"type":"cond-expr","locations":[{"start":{"line":43,"column":45},"end":{"line":43,"column":55}},{"start":{"line":43,"column":55},"end":{"line":43,"column":null}}],"line":43},"4":{"loc":{"start":{"line":50,"column":2},"end":{"line":60,"column":null}},"type":"if","locations":[{"start":{"line":50,"column":2},"end":{"line":60,"column":null}},{"start":{},"end":{}}],"line":50},"5":{"loc":{"start":{"line":54,"column":5},"end":{"line":56,"column":null}},"type":"cond-expr","locations":[{"start":{"line":55,"column":8},"end":{"line":55,"column":null}},{"start":{"line":56,"column":8},"end":{"line":56,"column":null}}],"line":54},"6":{"loc":{"start":{"line":71,"column":2},"end":{"line":80,"column":null}},"type":"if","locations":[{"start":{"line":71,"column":2},"end":{"line":80,"column":null}},{"start":{},"end":{}}],"line":71},"7":{"loc":{"start":{"line":75,"column":5},"end":{"line":77,"column":null}},"type":"cond-expr","locations":[{"start":{"line":76,"column":8},"end":{"line":76,"column":null}},{"start":{"line":77,"column":8},"end":{"line":77,"column":null}}],"line":75}},"s":{"0":0,"1":0,"2":0,"3":0,"4":0,"5":0,"6":0,"7":0,"8":0,"9":0,"10":0,"11":0,"12":0,"13":0,"14":0,"15":0,"16":0,"17":0,"18":0,"19":0},"f":{"0":0,"1":0},"b":{"0":[0,0],"1":[0,0],"2":[0,0],"3":[0,0],"4":[0,0],"5":[0,0],"6":[0,0],"7":[0,0]},"meta":{"lastBranch":8,"lastFunction":2,"lastStatement":20,"seen":{"s:8:19:32:Infinity":0,"s:34:16:88:Infinity":1,"f:8:19:8:26":0,"s:10:18:13:Infinity":2,"b:16:2:24:Infinity:undefined:undefined:undefined:undefined":0,"s:16:2:24:Infinity":3,"s:17:3:21:Infinity":4,"b:20:45:20:55:20:55:20:Infinity":1,"s:23:3:23:Infinity":5,"s:27:2:31:Infinity":6,"f:34:16:34:23":1,"s:36:16:36:Infinity":7,"b:39:2:47:Infinity:undefined:undefined:undefined:undefined":2,"s:39:2:47:Infinity":8,"s:40:3:44:Infinity":9,"b:43:45:43:55:43:55:43:Infinity":3,"s:46:3:46:Infinity":10,"b:50:2:60:Infinity:undefined:undefined:undefined:undefined":4,"s:50:2:60:Infinity":11,"s:51:3:57:Infinity":12,"b:55:8:55:Infinity:56:8:56:Infinity":5,"s:59:3:59:Infinity":13,"s:63:2:63:Infinity":14,"s:66:26:69:Infinity":15,"b:71:2:80:Infinity:undefined:undefined:undefined:undefined":6,"s:71:2:80:Infinity":16,"s:72:3:78:Infinity":17,"b:76:8:76:Infinity:77:8:77:Infinity":7,"s:79:3:79:Infinity":18,"s:83:2:87:Infinity":19}}}
,"/app/server/controller/species_controller.ts": {"path":"/app/server/controller/species_controller.ts","statementMap":{"0":{"start":{"line":6,"column":16},"end":{"line":27,"column":null}},"1":{"start":{"line":29,"column":20},"end":{"line":50,"column":null}},"2":{"start":{"line":8,"column":18},"end":{"line":8,"column":null}},"3":{"start":{"line":11,"column":2},"end":{"line":19,"column":null}},"4":{"start":{"line":12,"column":3},"end":{"line":16,"column":null}},"5":{"start":{"line":18,"column":3},"end":{"line":18,"column":null}},"6":{"start":{"line":22,"column":2},"end":{"line":26,"column":null}},"7":{"start":{"line":31,"column":18},"end":{"line":31,"column":null}},"8":{"start":{"line":34,"column":2},"end":{"line":42,"column":null}},"9":{"start":{"line":35,"column":3},"end":{"line":39,"column":null}},"10":{"start":{"line":41,"column":3},"end":{"line":41,"column":null}},"11":{"start":{"line":45,"column":2},"end":{"line":49,"column":null}}},"fnMap":{"0":{"name":"(anonymous_0)","decl":{"start":{"line":6,"column":16},"end":{"line":6,"column":23}},"loc":{"start":{"line":6,"column":56},"end":{"line":27,"column":null}},"line":6},"1":{"name":"(anonymous_1)","decl":{"start":{"line":29,"column":20},"end":{"line":29,"column":27}},"loc":{"start":{"line":29,"column":59},"end":{"line":50,"column":null}},"line":29}},"branchMap":{"0":{"loc":{"start":{"line":11,"column":2},"end":{"line":19,"column":null}},"type":"if","locations":[{"start":{"line":11,"column":2},"end":{"line":19,"column":null}},{"start":{},"end":{}}],"line":11},"1":{"loc":{"start":{"line":15,"column":5},"end":{"line":15,"column":null}},"type":"cond-expr","locations":[{"start":{"line":15,"column":45},"end":{"line":15,"column":55}},{"start":{"line":15,"column":55},"end":{"line":15,"column":null}}],"line":15},"2":{"loc":{"start":{"line":34,"column":2},"end":{"line":42,"column":null}},"type":"if","locations":[{"start":{"line":34,"column":2},"end":{"line":42,"column":null}},{"start":{},"end":{}}],"line":34},"3":{"loc":{"start":{"line":38,"column":5},"end":{"line":38,"column":null}},"type":"cond-expr","locations":[{"start":{"line":38,"column":45},"end":{"line":38,"column":55}},{"start":{"line":38,"column":55},"end":{"line":38,"column":null}}],"line":38}},"s":{"0":0,"1":0,"2":0,"3":0,"4":0,"5":0,"6":0,"7":0,"8":0,"9":0,"10":0,"11":0},"f":{"0":0,"1":0},"b":{"0":[0,0],"1":[0,0],"2":[0,0],"3":[0,0]},"meta":{"lastBranch":4,"lastFunction":2,"lastStatement":12,"seen":{"s:6:16:27:Infinity":0,"s:29:20:50:Infinity":1,"f:6:16:6:23":0,"s:8:18:8:Infinity":2,"b:11:2:19:Infinity:undefined:undefined:undefined:undefined":0,"s:11:2:19:Infinity":3,"s:12:3:16:Infinity":4,"b:15:45:15:55:15:55:15:Infinity":1,"s:18:3:18:Infinity":5,"s:22:2:26:Infinity":6,"f:29:20:29:27":1,"s:31:18:31:Infinity":7,"b:34:2:42:Infinity:undefined:undefined:undefined:undefined":2,"s:34:2:42:Infinity":8,"s:35:3:39:Infinity":9,"b:38:45:38:55:38:55:38:Infinity":3,"s:41:3:41:Infinity":10,"s:45:2:49:Infinity":11}}}
,"/app/server/controller/user_action_controller.ts": {"path":"/app/server/controller/user_action_controller.ts","statementMap":{"0":{"start":{"line":5,"column":23},"end":{"line":22,"column":null}},"1":{"start":{"line":25,"column":17},"end":{"line":46,"column":null}},"2":{"start":{"line":49,"column":17},"end":{"line":70,"column":null}},"3":{"start":{"line":6,"column":18},"end":{"line":6,"column":null}},"4":{"start":{"line":8,"column":2},"end":{"line":15,"column":null}},"5":{"start":{"line":9,"column":3},"end":{"line":13,"column":null}},"6":{"start":{"line":14,"column":3},"end":{"line":14,"column":null}},"7":{"start":{"line":17,"column":2},"end":{"line":21,"column":null}},"8":{"start":{"line":27,"column":18},"end":{"line":27,"column":null}},"9":{"start":{"line":30,"column":2},"end":{"line":38,"column":null}},"10":{"start":{"line":31,"column":3},"end":{"line":35,"column":null}},"11":{"start":{"line":37,"column":3},"end":{"line":37,"column":null}},"12":{"start":{"line":41,"column":2},"end":{"line":45,"column":null}},"13":{"start":{"line":51,"column":18},"end":{"line":51,"column":null}},"14":{"start":{"line":54,"column":2},"end":{"line":62,"column":null}},"15":{"start":{"line":55,"column":3},"end":{"line":59,"column":null}},"16":{"start":{"line":61,"column":3},"end":{"line":61,"column":null}},"17":{"start":{"line":65,"column":2},"end":{"line":69,"column":null}}},"fnMap":{"0":{"name":"(anonymous_0)","decl":{"start":{"line":5,"column":23},"end":{"line":5,"column":30}},"loc":{"start":{"line":5,"column":62},"end":{"line":22,"column":null}},"line":5},"1":{"name":"(anonymous_1)","decl":{"start":{"line":25,"column":17},"end":{"line":25,"column":24}},"loc":{"start":{"line":25,"column":56},"end":{"line":46,"column":null}},"line":25},"2":{"name":"(anonymous_2)","decl":{"start":{"line":49,"column":17},"end":{"line":49,"column":24}},"loc":{"start":{"line":49,"column":56},"end":{"line":70,"column":null}},"line":49}},"branchMap":{"0":{"loc":{"start":{"line":8,"column":2},"end":{"line":15,"column":null}},"type":"if","locations":[{"start":{"line":8,"column":2},"end":{"line":15,"column":null}},{"start":{},"end":{}}],"line":8},"1":{"loc":{"start":{"line":12,"column":5},"end":{"line":12,"column":null}},"type":"cond-expr","locations":[{"start":{"line":12,"column":45},"end":{"line":12,"column":55}},{"start":{"line":12,"column":55},"end":{"line":12,"column":null}}],"line":12},"2":{"loc":{"start":{"line":30,"column":2},"end":{"line":38,"column":null}},"type":"if","locations":[{"start":{"line":30,"column":2},"end":{"line":38,"column":null}},{"start":{},"end":{}}],"line":30},"3":{"loc":{"start":{"line":34,"column":5},"end":{"line":34,"column":null}},"type":"cond-expr","locations":[{"start":{"line":34,"column":45},"end":{"line":34,"column":55}},{"start":{"line":34,"column":55},"end":{"line":34,"column":null}}],"line":34},"4":{"loc":{"start":{"line":54,"column":2},"end":{"line":62,"column":null}},"type":"if","locations":[{"start":{"line":54,"column":2},"end":{"line":62,"column":null}},{"start":{},"end":{}}],"line":54},"5":{"loc":{"start":{"line":58,"column":5},"end":{"line":58,"column":null}},"type":"cond-expr","locations":[{"start":{"line":58,"column":45},"end":{"line":58,"column":55}},{"start":{"line":58,"column":55},"end":{"line":58,"column":null}}],"line":58}},"s":{"0":0,"1":0,"2":0,"3":0,"4":0,"5":0,"6":0,"7":0,"8":0,"9":0,"10":0,"11":0,"12":0,"13":0,"14":0,"15":0,"16":0,"17":0},"f":{"0":0,"1":0,"2":0},"b":{"0":[0,0],"1":[0,0],"2":[0,0],"3":[0,0],"4":[0,0],"5":[0,0]},"meta":{"lastBranch":6,"lastFunction":3,"lastStatement":18,"seen":{"s:5:23:22:Infinity":0,"s:25:17:46:Infinity":1,"s:49:17:70:Infinity":2,"f:5:23:5:30":0,"s:6:18:6:Infinity":3,"b:8:2:15:Infinity:undefined:undefined:undefined:undefined":0,"s:8:2:15:Infinity":4,"s:9:3:13:Infinity":5,"b:12:45:12:55:12:55:12:Infinity":1,"s:14:3:14:Infinity":6,"s:17:2:21:Infinity":7,"f:25:17:25:24":1,"s:27:18:27:Infinity":8,"b:30:2:38:Infinity:undefined:undefined:undefined:undefined":2,"s:30:2:38:Infinity":9,"s:31:3:35:Infinity":10,"b:34:45:34:55:34:55:34:Infinity":3,"s:37:3:37:Infinity":11,"s:41:2:45:Infinity":12,"f:49:17:49:24":2,"s:51:18:51:Infinity":13,"b:54:2:62:Infinity:undefined:undefined:undefined:undefined":4,"s:54:2:62:Infinity":14,"s:55:3:59:Infinity":15,"b:58:45:58:55:58:55:58:Infinity":5,"s:61:3:61:Infinity":16,"s:65:2:69:Infinity":17}}}
,"/app/server/controller/user_controller.ts": {"path":"/app/server/controller/user_controller.ts","statementMap":{"0":{"start":{"line":6,"column":16},"end":{"line":27,"column":null}},"1":{"start":{"line":29,"column":20},"end":{"line":53,"column":null}},"2":{"start":{"line":8,"column":18},"end":{"line":8,"column":null}},"3":{"start":{"line":11,"column":2},"end":{"line":19,"column":null}},"4":{"start":{"line":12,"column":3},"end":{"line":16,"column":null}},"5":{"start":{"line":18,"column":3},"end":{"line":18,"column":null}},"6":{"start":{"line":22,"column":2},"end":{"line":26,"column":null}},"7":{"start":{"line":31,"column":2},"end":{"line":31,"column":null}},"8":{"start":{"line":34,"column":18},"end":{"line":34,"column":null}},"9":{"start":{"line":37,"column":2},"end":{"line":45,"column":null}},"10":{"start":{"line":38,"column":3},"end":{"line":42,"column":null}},"11":{"start":{"line":44,"column":3},"end":{"line":44,"column":null}},"12":{"start":{"line":48,"column":2},"end":{"line":52,"column":null}}},"fnMap":{"0":{"name":"(anonymous_0)","decl":{"start":{"line":6,"column":16},"end":{"line":6,"column":23}},"loc":{"start":{"line":6,"column":56},"end":{"line":27,"column":null}},"line":6},"1":{"name":"(anonymous_1)","decl":{"start":{"line":29,"column":20},"end":{"line":29,"column":27}},"loc":{"start":{"line":29,"column":59},"end":{"line":53,"column":null}},"line":29}},"branchMap":{"0":{"loc":{"start":{"line":11,"column":2},"end":{"line":19,"column":null}},"type":"if","locations":[{"start":{"line":11,"column":2},"end":{"line":19,"column":null}},{"start":{},"end":{}}],"line":11},"1":{"loc":{"start":{"line":15,"column":5},"end":{"line":15,"column":null}},"type":"cond-expr","locations":[{"start":{"line":15,"column":45},"end":{"line":15,"column":55}},{"start":{"line":15,"column":55},"end":{"line":15,"column":null}}],"line":15},"2":{"loc":{"start":{"line":37,"column":2},"end":{"line":45,"column":null}},"type":"if","locations":[{"start":{"line":37,"column":2},"end":{"line":45,"column":null}},{"start":{},"end":{}}],"line":37},"3":{"loc":{"start":{"line":41,"column":5},"end":{"line":41,"column":null}},"type":"cond-expr","locations":[{"start":{"line":41,"column":45},"end":{"line":41,"column":55}},{"start":{"line":41,"column":55},"end":{"line":41,"column":null}}],"line":41}},"s":{"0":0,"1":0,"2":0,"3":0,"4":0,"5":0,"6":0,"7":0,"8":0,"9":0,"10":0,"11":0,"12":0},"f":{"0":0,"1":0},"b":{"0":[0,0],"1":[0,0],"2":[0,0],"3":[0,0]},"meta":{"lastBranch":4,"lastFunction":2,"lastStatement":13,"seen":{"s:6:16:27:Infinity":0,"s:29:20:53:Infinity":1,"f:6:16:6:23":0,"s:8:18:8:Infinity":2,"b:11:2:19:Infinity:undefined:undefined:undefined:undefined":0,"s:11:2:19:Infinity":3,"s:12:3:16:Infinity":4,"b:15:45:15:55:15:55:15:Infinity":1,"s:18:3:18:Infinity":5,"s:22:2:26:Infinity":6,"f:29:20:29:27":1,"s:31:2:31:Infinity":7,"s:34:18:34:Infinity":8,"b:37:2:45:Infinity:undefined:undefined:undefined:undefined":2,"s:37:2:45:Infinity":9,"s:38:3:42:Infinity":10,"b:41:45:41:55:41:55:41:Infinity":3,"s:44:3:44:Infinity":11,"s:48:2:52:Infinity":12}}}
,"/app/server/core/server.ts": {"path":"/app/server/core/server.ts","statementMap":{"0":{"start":{"line":18,"column":9},"end":{"line":18,"column":null}},"1":{"start":{"line":19,"column":18},"end":{"line":19,"column":null}},"2":{"start":{"line":40,"column":23},"end":{"line":54,"column":null}},"3":{"start":{"line":57,"column":16},"end":{"line":59,"column":null}},"4":{"start":{"line":24,"column":2},"end":{"line":24,"column":null}},"5":{"start":{"line":27,"column":2},"end":{"line":31,"column":null}},"6":{"start":{"line":34,"column":2},"end":{"line":34,"column":null}},"7":{"start":{"line":36,"column":2},"end":{"line":36,"column":null}},"8":{"start":{"line":42,"column":2},"end":{"line":42,"column":null}},"9":{"start":{"line":43,"column":2},"end":{"line":43,"column":null}},"10":{"start":{"line":44,"column":2},"end":{"line":44,"column":null}},"11":{"start":{"line":45,"column":2},"end":{"line":45,"column":null}},"12":{"start":{"line":46,"column":2},"end":{"line":46,"column":null}},"13":{"start":{"line":47,"column":2},"end":{"line":47,"column":null}},"14":{"start":{"line":48,"column":2},"end":{"line":48,"column":null}},"15":{"start":{"line":49,"column":2},"end":{"line":49,"column":null}},"16":{"start":{"line":50,"column":2},"end":{"line":50,"column":null}},"17":{"start":{"line":51,"column":2},"end":{"line":51,"column":null}},"18":{"start":{"line":52,"column":2},"end":{"line":52,"column":null}},"19":{"start":{"line":53,"column":2},"end":{"line":53,"column":null}},"20":{"start":{"line":58,"column":2},"end":{"line":58,"column":null}}},"fnMap":{"0":{"name":"(anonymous_0)","decl":{"start":{"line":22,"column":1},"end":{"line":22,"column":15}},"loc":{"start":{"line":22,"column":15},"end":{"line":37,"column":null}},"line":22},"1":{"name":"(anonymous_1)","decl":{"start":{"line":40,"column":23},"end":{"line":40,"column":29}},"loc":{"start":{"line":40,"column":29},"end":{"line":54,"column":null}},"line":40},"2":{"name":"(anonymous_2)","decl":{"start":{"line":57,"column":16},"end":{"line":57,"column":22}},"loc":{"start":{"line":57,"column":22},"end":{"line":59,"column":null}},"line":57}},"branchMap":{},"s":{"0":1,"1":1,"2":1,"3":1,"4":1,"5":1,"6":1,"7":1,"8":1,"9":1,"10":1,"11":1,"12":1,"13":1,"14":1,"15":1,"16":1,"17":1,"18":1,"19":1,"20":1},"f":{"0":1,"1":1,"2":1},"b":{},"meta":{"lastBranch":0,"lastFunction":3,"lastStatement":21,"seen":{"s:18:9:18:Infinity":0,"s:19:18:19:Infinity":1,"s:40:23:54:Infinity":2,"s:57:16:59:Infinity":3,"f:22:1:22:15":0,"s:24:2:24:Infinity":4,"s:27:2:31:Infinity":5,"s:34:2:34:Infinity":6,"s:36:2:36:Infinity":7,"f:40:23:40:29":1,"s:42:2:42:Infinity":8,"s:43:2:43:Infinity":9,"s:44:2:44:Infinity":10,"s:45:2:45:Infinity":11,"s:46:2:46:Infinity":12,"s:47:2:47:Infinity":13,"s:48:2:48:Infinity":14,"s:49:2:49:Infinity":15,"s:50:2:50:Infinity":16,"s:51:2:51:Infinity":17,"s:52:2:52:Infinity":18,"s:53:2:53:Infinity":19,"f:57:16:57:22":2,"s:58:2:58:Infinity":20}}}
,"/app/server/middleware/authorization_middleware.ts": {"path":"/app/server/middleware/authorization_middleware.ts","statementMap":{"0":{"start":{"line":8,"column":20},"end":{"line":49,"column":null}},"1":{"start":{"line":9,"column":2},"end":{"line":48,"column":null}},"2":{"start":{"line":10,"column":17},"end":{"line":10,"column":null}},"3":{"start":{"line":13,"column":3},"end":{"line":27,"column":null}},"4":{"start":{"line":14,"column":19},"end":{"line":14,"column":null}},"5":{"start":{"line":15,"column":4},"end":{"line":15,"column":null}},"6":{"start":{"line":18,"column":4},"end":{"line":24,"column":null}},"7":{"start":{"line":26,"column":4},"end":{"line":26,"column":null}},"8":{"start":{"line":30,"column":19},"end":{"line":30,"column":null}},"9":{"start":{"line":34,"column":3},"end":{"line":44,"column":null}},"10":{"start":{"line":35,"column":4},"end":{"line":41,"column":null}},"11":{"start":{"line":43,"column":4},"end":{"line":43,"column":null}},"12":{"start":{"line":47,"column":3},"end":{"line":47,"column":null}}},"fnMap":{"0":{"name":"(anonymous_0)","decl":{"start":{"line":8,"column":20},"end":{"line":8,"column":21}},"loc":{"start":{"line":8,"column":41},"end":{"line":49,"column":null}},"line":8},"1":{"name":"(anonymous_1)","decl":{"start":{"line":9,"column":9},"end":{"line":9,"column":16}},"loc":{"start":{"line":9,"column":68},"end":{"line":48,"column":null}},"line":9}},"branchMap":{"0":{"loc":{"start":{"line":21,"column":6},"end":{"line":23,"column":null}},"type":"cond-expr","locations":[{"start":{"line":22,"column":9},"end":{"line":22,"column":null}},{"start":{"line":23,"column":10},"end":{"line":23,"column":null}}],"line":21},"1":{"loc":{"start":{"line":34,"column":3},"end":{"line":44,"column":null}},"type":"if","locations":[{"start":{"line":34,"column":3},"end":{"line":44,"column":null}},{"start":{},"end":{}}],"line":34},"2":{"loc":{"start":{"line":38,"column":6},"end":{"line":40,"column":null}},"type":"cond-expr","locations":[{"start":{"line":39,"column":9},"end":{"line":39,"column":null}},{"start":{"line":40,"column":9},"end":{"line":40,"column":null}}],"line":38}},"s":{"0":12,"1":12,"2":0,"3":0,"4":0,"5":0,"6":0,"7":0,"8":0,"9":0,"10":0,"11":0,"12":0},"f":{"0":12,"1":0},"b":{"0":[0,0],"1":[0,0],"2":[0,0]},"meta":{"lastBranch":3,"lastFunction":2,"lastStatement":13,"seen":{"s:8:20:49:Infinity":0,"f:8:20:8:21":0,"s:9:2:48:Infinity":1,"f:9:9:9:16":1,"s:10:17:10:Infinity":2,"s:13:3:27:Infinity":3,"s:14:19:14:Infinity":4,"s:15:4:15:Infinity":5,"s:18:4:24:Infinity":6,"b:22:9:22:Infinity:23:10:23:Infinity":0,"s:26:4:26:Infinity":7,"s:30:19:30:Infinity":8,"b:34:3:44:Infinity:undefined:undefined:undefined:undefined":1,"s:34:3:44:Infinity":9,"s:35:4:41:Infinity":10,"b:39:9:39:Infinity:40:9:40:Infinity":2,"s:43:4:43:Infinity":11,"s:47:3:47:Infinity":12}}}
,"/app/server/repository/action_repository.ts": {"path":"/app/server/repository/action_repository.ts","statementMap":{"0":{"start":{"line":9,"column":17},"end":{"line":9,"column":null}},"1":{"start":{"line":12,"column":20},"end":{"line":41,"column":null}},"2":{"start":{"line":44,"column":20},"end":{"line":77,"column":null}},"3":{"start":{"line":80,"column":17},"end":{"line":160,"column":null}},"4":{"start":{"line":163,"column":17},"end":{"line":248,"column":null}},"5":{"start":{"line":251,"column":17},"end":{"line":328,"column":null}},"6":{"start":{"line":14,"column":21},"end":{"line":14,"column":null}},"7":{"start":{"line":16,"column":14},"end":{"line":18,"column":null}},"8":{"start":{"line":22,"column":2},"end":{"line":40,"column":null}},"9":{"start":{"line":24,"column":19},"end":{"line":24,"column":null}},"10":{"start":{"line":26,"column":3},"end":{"line":34,"column":null}},"11":{"start":{"line":26,"column":16},"end":{"line":26,"column":19}},"12":{"start":{"line":28,"column":20},"end":{"line":28,"column":null}},"13":{"start":{"line":31,"column":4},"end":{"line":33,"column":null}},"14":{"start":{"line":36,"column":3},"end":{"line":36,"column":null}},"15":{"start":{"line":39,"column":3},"end":{"line":39,"column":null}},"16":{"start":{"line":48,"column":21},"end":{"line":48,"column":null}},"17":{"start":{"line":51,"column":14},"end":{"line":54,"column":null}},"18":{"start":{"line":59,"column":2},"end":{"line":76,"column":null}},"19":{"start":{"line":62,"column":19},"end":{"line":62,"column":null}},"20":{"start":{"line":65,"column":19},"end":{"line":65,"column":null}},"21":{"start":{"line":68,"column":3},"end":{"line":70,"column":null}},"22":{"start":{"line":72,"column":3},"end":{"line":72,"column":null}},"23":{"start":{"line":75,"column":3},"end":{"line":75,"column":null}},"24":{"start":{"line":84,"column":21},"end":{"line":84,"column":null}},"25":{"start":{"line":87,"column":14},"end":{"line":90,"column":null}},"26":{"start":{"line":106,"column":2},"end":{"line":159,"column":null}},"27":{"start":{"line":108,"column":3},"end":{"line":108,"column":null}},"28":{"start":{"line":111,"column":19},"end":{"line":111,"column":null}},"29":{"start":{"line":150,"column":3},"end":{"line":150,"column":null}},"30":{"start":{"line":152,"column":3},"end":{"line":152,"column":null}},"31":{"start":{"line":156,"column":3},"end":{"line":156,"column":null}},"32":{"start":{"line":158,"column":3},"end":{"line":158,"column":null}},"33":{"start":{"line":167,"column":21},"end":{"line":167,"column":null}},"34":{"start":{"line":170,"column":14},"end":{"line":185,"column":null}},"35":{"start":{"line":189,"column":2},"end":{"line":247,"column":null}},"36":{"start":{"line":191,"column":3},"end":{"line":191,"column":null}},"37":{"start":{"line":194,"column":19},"end":{"line":194,"column":null}},"38":{"start":{"line":238,"column":3},"end":{"line":238,"column":null}},"39":{"start":{"line":240,"column":3},"end":{"line":240,"column":null}},"40":{"start":{"line":244,"column":3},"end":{"line":244,"column":null}},"41":{"start":{"line":246,"column":3},"end":{"line":246,"column":null}},"42":{"start":{"line":255,"column":21},"end":{"line":255,"column":null}},"43":{"start":{"line":258,"column":14},"end":{"line":264,"column":null}},"44":{"start":{"line":269,"column":2},"end":{"line":327,"column":null}},"45":{"start":{"line":271,"column":3},"end":{"line":271,"column":null}},"46":{"start":{"line":274,"column":19},"end":{"line":274,"column":null}},"47":{"start":{"line":318,"column":3},"end":{"line":318,"column":null}},"48":{"start":{"line":320,"column":3},"end":{"line":320,"column":null}},"49":{"start":{"line":324,"column":3},"end":{"line":324,"column":null}},"50":{"start":{"line":326,"column":3},"end":{"line":326,"column":null}}},"fnMap":{"0":{"name":"(anonymous_0)","decl":{"start":{"line":12,"column":20},"end":{"line":12,"column":61}},"loc":{"start":{"line":12,"column":61},"end":{"line":41,"column":null}},"line":12},"1":{"name":"(anonymous_1)","decl":{"start":{"line":44,"column":20},"end":{"line":44,"column":null}},"loc":{"start":{"line":46,"column":33},"end":{"line":77,"column":null}},"line":46},"2":{"name":"(anonymous_2)","decl":{"start":{"line":80,"column":17},"end":{"line":80,"column":null}},"loc":{"start":{"line":82,"column":38},"end":{"line":160,"column":null}},"line":82},"3":{"name":"(anonymous_3)","decl":{"start":{"line":163,"column":17},"end":{"line":163,"column":null}},"loc":{"start":{"line":165,"column":38},"end":{"line":248,"column":null}},"line":165},"4":{"name":"(anonymous_4)","decl":{"start":{"line":251,"column":17},"end":{"line":251,"column":null}},"loc":{"start":{"line":253,"column":38},"end":{"line":328,"column":null}},"line":253}},"branchMap":{},"s":{"0":0,"1":0,"2":0,"3":0,"4":0,"5":0,"6":0,"7":0,"8":0,"9":0,"10":0,"11":0,"12":0,"13":0,"14":0,"15":0,"16":0,"17":0,"18":0,"19":0,"20":0,"21":0,"22":0,"23":0,"24":0,"25":0,"26":0,"27":0,"28":0,"29":0,"30":0,"31":0,"32":0,"33":0,"34":0,"35":0,"36":0,"37":0,"38":0,"39":0,"40":0,"41":0,"42":0,"43":0,"44":0,"45":0,"46":0,"47":0,"48":0,"49":0,"50":0},"f":{"0":0,"1":0,"2":0,"3":0,"4":0},"b":{},"meta":{"lastBranch":0,"lastFunction":5,"lastStatement":51,"seen":{"s:9:17:9:Infinity":0,"s:12:20:41:Infinity":1,"s:44:20:77:Infinity":2,"s:80:17:160:Infinity":3,"s:163:17:248:Infinity":4,"s:251:17:328:Infinity":5,"f:12:20:12:61":0,"s:14:21:14:Infinity":6,"s:16:14:18:Infinity":7,"s:22:2:40:Infinity":8,"s:24:19:24:Infinity":9,"s:26:3:34:Infinity":10,"s:26:16:26:19":11,"s:28:20:28:Infinity":12,"s:31:4:33:Infinity":13,"s:36:3:36:Infinity":14,"s:39:3:39:Infinity":15,"f:44:20:44:Infinity":1,"s:48:21:48:Infinity":16,"s:51:14:54:Infinity":17,"s:59:2:76:Infinity":18,"s:62:19:62:Infinity":19,"s:65:19:65:Infinity":20,"s:68:3:70:Infinity":21,"s:72:3:72:Infinity":22,"s:75:3:75:Infinity":23,"f:80:17:80:Infinity":2,"s:84:21:84:Infinity":24,"s:87:14:90:Infinity":25,"s:106:2:159:Infinity":26,"s:108:3:108:Infinity":27,"s:111:19:111:Infinity":28,"s:150:3:150:Infinity":29,"s:152:3:152:Infinity":30,"s:156:3:156:Infinity":31,"s:158:3:158:Infinity":32,"f:163:17:163:Infinity":3,"s:167:21:167:Infinity":33,"s:170:14:185:Infinity":34,"s:189:2:247:Infinity":35,"s:191:3:191:Infinity":36,"s:194:19:194:Infinity":37,"s:238:3:238:Infinity":38,"s:240:3:240:Infinity":39,"s:244:3:244:Infinity":40,"s:246:3:246:Infinity":41,"f:251:17:251:Infinity":4,"s:255:21:255:Infinity":42,"s:258:14:264:Infinity":43,"s:269:2:327:Infinity":44,"s:271:3:271:Infinity":45,"s:274:19:274:Infinity":46,"s:318:3:318:Infinity":47,"s:320:3:320:Infinity":48,"s:324:3:324:Infinity":49,"s:326:3:326:Infinity":50}}}
,"/app/server/repository/animal_repository.ts": {"path":"/app/server/repository/animal_repository.ts","statementMap":{"0":{"start":{"line":11,"column":17},"end":{"line":11,"column":null}},"1":{"start":{"line":14,"column":20},"end":{"line":48,"column":null}},"2":{"start":{"line":51,"column":20},"end":{"line":86,"column":null}},"3":{"start":{"line":89,"column":17},"end":{"line":136,"column":null}},"4":{"start":{"line":139,"column":17},"end":{"line":183,"column":null}},"5":{"start":{"line":186,"column":17},"end":{"line":222,"column":null}},"6":{"start":{"line":16,"column":21},"end":{"line":16,"column":null}},"7":{"start":{"line":20,"column":14},"end":{"line":22,"column":null}},"8":{"start":{"line":25,"column":2},"end":{"line":47,"column":null}},"9":{"start":{"line":27,"column":19},"end":{"line":27,"column":null}},"10":{"start":{"line":29,"column":3},"end":{"line":41,"column":null}},"11":{"start":{"line":29,"column":16},"end":{"line":29,"column":19}},"12":{"start":{"line":31,"column":20},"end":{"line":31,"column":null}},"13":{"start":{"line":34,"column":4},"end":{"line":36,"column":null}},"14":{"start":{"line":38,"column":4},"end":{"line":40,"column":null}},"15":{"start":{"line":43,"column":3},"end":{"line":43,"column":null}},"16":{"start":{"line":46,"column":3},"end":{"line":46,"column":null}},"17":{"start":{"line":55,"column":21},"end":{"line":55,"column":null}},"18":{"start":{"line":58,"column":14},"end":{"line":61,"column":null}},"19":{"start":{"line":65,"column":2},"end":{"line":85,"column":null}},"20":{"start":{"line":68,"column":19},"end":{"line":68,"column":null}},"21":{"start":{"line":71,"column":19},"end":{"line":71,"column":null}},"22":{"start":{"line":73,"column":3},"end":{"line":75,"column":null}},"23":{"start":{"line":77,"column":3},"end":{"line":79,"column":null}},"24":{"start":{"line":81,"column":3},"end":{"line":81,"column":null}},"25":{"start":{"line":84,"column":3},"end":{"line":84,"column":null}},"26":{"start":{"line":93,"column":21},"end":{"line":93,"column":null}},"27":{"start":{"line":96,"column":14},"end":{"line":99,"column":null}},"28":{"start":{"line":114,"column":2},"end":{"line":135,"column":null}},"29":{"start":{"line":119,"column":3},"end":{"line":119,"column":null}},"30":{"start":{"line":126,"column":19},"end":{"line":126,"column":null}},"31":{"start":{"line":128,"column":3},"end":{"line":128,"column":null}},"32":{"start":{"line":134,"column":3},"end":{"line":134,"column":null}},"33":{"start":{"line":143,"column":21},"end":{"line":143,"column":null}},"34":{"start":{"line":146,"column":14},"end":{"line":161,"column":null}},"35":{"start":{"line":165,"column":2},"end":{"line":182,"column":null}},"36":{"start":{"line":167,"column":3},"end":{"line":167,"column":null}},"37":{"start":{"line":170,"column":19},"end":{"line":170,"column":null}},"38":{"start":{"line":173,"column":3},"end":{"line":173,"column":null}},"39":{"start":{"line":175,"column":3},"end":{"line":175,"column":null}},"40":{"start":{"line":179,"column":3},"end":{"line":179,"column":null}},"41":{"start":{"line":181,"column":3},"end":{"line":181,"column":null}},"42":{"start":{"line":190,"column":21},"end":{"line":190,"column":null}},"43":{"start":{"line":193,"column":14},"end":{"line":199,"column":null}},"44":{"start":{"line":204,"column":2},"end":{"line":221,"column":null}},"45":{"start":{"line":206,"column":3},"end":{"line":206,"column":null}},"46":{"start":{"line":209,"column":19},"end":{"line":209,"column":null}},"47":{"start":{"line":212,"column":3},"end":{"line":212,"column":null}},"48":{"start":{"line":214,"column":3},"end":{"line":214,"column":null}},"49":{"start":{"line":218,"column":3},"end":{"line":218,"column":null}},"50":{"start":{"line":220,"column":3},"end":{"line":220,"column":null}}},"fnMap":{"0":{"name":"(anonymous_0)","decl":{"start":{"line":14,"column":20},"end":{"line":14,"column":61}},"loc":{"start":{"line":14,"column":61},"end":{"line":48,"column":null}},"line":14},"1":{"name":"(anonymous_1)","decl":{"start":{"line":51,"column":20},"end":{"line":51,"column":null}},"loc":{"start":{"line":53,"column":33},"end":{"line":86,"column":null}},"line":53},"2":{"name":"(anonymous_2)","decl":{"start":{"line":89,"column":17},"end":{"line":89,"column":null}},"loc":{"start":{"line":91,"column":38},"end":{"line":136,"column":null}},"line":91},"3":{"name":"(anonymous_3)","decl":{"start":{"line":139,"column":17},"end":{"line":139,"column":null}},"loc":{"start":{"line":141,"column":38},"end":{"line":183,"column":null}},"line":141},"4":{"name":"(anonymous_4)","decl":{"start":{"line":186,"column":17},"end":{"line":186,"column":null}},"loc":{"start":{"line":188,"column":38},"end":{"line":222,"column":null}},"line":188}},"branchMap":{},"s":{"0":0,"1":0,"2":0,"3":0,"4":0,"5":0,"6":0,"7":0,"8":0,"9":0,"10":0,"11":0,"12":0,"13":0,"14":0,"15":0,"16":0,"17":0,"18":0,"19":0,"20":0,"21":0,"22":0,"23":0,"24":0,"25":0,"26":0,"27":0,"28":0,"29":0,"30":0,"31":0,"32":0,"33":0,"34":0,"35":0,"36":0,"37":0,"38":0,"39":0,"40":0,"41":0,"42":0,"43":0,"44":0,"45":0,"46":0,"47":0,"48":0,"49":0,"50":0},"f":{"0":0,"1":0,"2":0,"3":0,"4":0},"b":{},"meta":{"lastBranch":0,"lastFunction":5,"lastStatement":51,"seen":{"s:11:17:11:Infinity":0,"s:14:20:48:Infinity":1,"s:51:20:86:Infinity":2,"s:89:17:136:Infinity":3,"s:139:17:183:Infinity":4,"s:186:17:222:Infinity":5,"f:14:20:14:61":0,"s:16:21:16:Infinity":6,"s:20:14:22:Infinity":7,"s:25:2:47:Infinity":8,"s:27:19:27:Infinity":9,"s:29:3:41:Infinity":10,"s:29:16:29:19":11,"s:31:20:31:Infinity":12,"s:34:4:36:Infinity":13,"s:38:4:40:Infinity":14,"s:43:3:43:Infinity":15,"s:46:3:46:Infinity":16,"f:51:20:51:Infinity":1,"s:55:21:55:Infinity":17,"s:58:14:61:Infinity":18,"s:65:2:85:Infinity":19,"s:68:19:68:Infinity":20,"s:71:19:71:Infinity":21,"s:73:3:75:Infinity":22,"s:77:3:79:Infinity":23,"s:81:3:81:Infinity":24,"s:84:3:84:Infinity":25,"f:89:17:89:Infinity":2,"s:93:21:93:Infinity":26,"s:96:14:99:Infinity":27,"s:114:2:135:Infinity":28,"s:119:3:119:Infinity":29,"s:126:19:126:Infinity":30,"s:128:3:128:Infinity":31,"s:134:3:134:Infinity":32,"f:139:17:139:Infinity":3,"s:143:21:143:Infinity":33,"s:146:14:161:Infinity":34,"s:165:2:182:Infinity":35,"s:167:3:167:Infinity":36,"s:170:19:170:Infinity":37,"s:173:3:173:Infinity":38,"s:175:3:175:Infinity":39,"s:179:3:179:Infinity":40,"s:181:3:181:Infinity":41,"f:186:17:186:Infinity":4,"s:190:21:190:Infinity":42,"s:193:14:199:Infinity":43,"s:204:2:221:Infinity":44,"s:206:3:206:Infinity":45,"s:209:19:209:Infinity":46,"s:212:3:212:Infinity":47,"s:214:3:214:Infinity":48,"s:218:3:218:Infinity":49,"s:220:3:220:Infinity":50}}}
,"/app/server/repository/association_repository.ts": {"path":"/app/server/repository/association_repository.ts","statementMap":{"0":{"start":{"line":11,"column":17},"end":{"line":11,"column":null}},"1":{"start":{"line":14,"column":20},"end":{"line":50,"column":null}},"2":{"start":{"line":53,"column":20},"end":{"line":89,"column":null}},"3":{"start":{"line":92,"column":17},"end":{"line":139,"column":null}},"4":{"start":{"line":142,"column":17},"end":{"line":190,"column":null}},"5":{"start":{"line":193,"column":17},"end":{"line":228,"column":null}},"6":{"start":{"line":16,"column":21},"end":{"line":16,"column":null}},"7":{"start":{"line":20,"column":14},"end":{"line":22,"column":null}},"8":{"start":{"line":26,"column":2},"end":{"line":49,"column":null}},"9":{"start":{"line":28,"column":19},"end":{"line":28,"column":null}},"10":{"start":{"line":31,"column":3},"end":{"line":43,"column":null}},"11":{"start":{"line":31,"column":16},"end":{"line":31,"column":19}},"12":{"start":{"line":33,"column":20},"end":{"line":33,"column":null}},"13":{"start":{"line":36,"column":4},"end":{"line":38,"column":null}},"14":{"start":{"line":40,"column":4},"end":{"line":42,"column":null}},"15":{"start":{"line":45,"column":3},"end":{"line":45,"column":null}},"16":{"start":{"line":48,"column":3},"end":{"line":48,"column":null}},"17":{"start":{"line":57,"column":21},"end":{"line":57,"column":null}},"18":{"start":{"line":60,"column":14},"end":{"line":63,"column":null}},"19":{"start":{"line":67,"column":2},"end":{"line":88,"column":null}},"20":{"start":{"line":70,"column":19},"end":{"line":70,"column":null}},"21":{"start":{"line":73,"column":19},"end":{"line":73,"column":null}},"22":{"start":{"line":76,"column":3},"end":{"line":78,"column":null}},"23":{"start":{"line":80,"column":3},"end":{"line":82,"column":null}},"24":{"start":{"line":84,"column":3},"end":{"line":84,"column":null}},"25":{"start":{"line":87,"column":3},"end":{"line":87,"column":null}},"26":{"start":{"line":96,"column":21},"end":{"line":96,"column":null}},"27":{"start":{"line":99,"column":14},"end":{"line":102,"column":null}},"28":{"start":{"line":121,"column":2},"end":{"line":138,"column":null}},"29":{"start":{"line":123,"column":3},"end":{"line":123,"column":null}},"30":{"start":{"line":126,"column":19},"end":{"line":126,"column":null}},"31":{"start":{"line":129,"column":3},"end":{"line":129,"column":null}},"32":{"start":{"line":131,"column":3},"end":{"line":131,"column":null}},"33":{"start":{"line":135,"column":3},"end":{"line":135,"column":null}},"34":{"start":{"line":137,"column":3},"end":{"line":137,"column":null}},"35":{"start":{"line":146,"column":21},"end":{"line":146,"column":null}},"36":{"start":{"line":149,"column":14},"end":{"line":168,"column":null}},"37":{"start":{"line":172,"column":2},"end":{"line":189,"column":null}},"38":{"start":{"line":174,"column":3},"end":{"line":174,"column":null}},"39":{"start":{"line":177,"column":19},"end":{"line":177,"column":null}},"40":{"start":{"line":180,"column":3},"end":{"line":180,"column":null}},"41":{"start":{"line":182,"column":3},"end":{"line":182,"column":null}},"42":{"start":{"line":186,"column":3},"end":{"line":186,"column":null}},"43":{"start":{"line":188,"column":3},"end":{"line":188,"column":null}},"44":{"start":{"line":197,"column":21},"end":{"line":197,"column":null}},"45":{"start":{"line":200,"column":14},"end":{"line":205,"column":null}},"46":{"start":{"line":210,"column":2},"end":{"line":227,"column":null}},"47":{"start":{"line":212,"column":3},"end":{"line":212,"column":null}},"48":{"start":{"line":215,"column":19},"end":{"line":215,"column":null}},"49":{"start":{"line":218,"column":3},"end":{"line":218,"column":null}},"50":{"start":{"line":220,"column":3},"end":{"line":220,"column":null}},"51":{"start":{"line":224,"column":3},"end":{"line":224,"column":null}},"52":{"start":{"line":226,"column":3},"end":{"line":226,"column":null}}},"fnMap":{"0":{"name":"(anonymous_0)","decl":{"start":{"line":14,"column":20},"end":{"line":14,"column":66}},"loc":{"start":{"line":14,"column":66},"end":{"line":50,"column":null}},"line":14},"1":{"name":"(anonymous_1)","decl":{"start":{"line":53,"column":20},"end":{"line":53,"column":null}},"loc":{"start":{"line":55,"column":38},"end":{"line":89,"column":null}},"line":55},"2":{"name":"(anonymous_2)","decl":{"start":{"line":92,"column":17},"end":{"line":92,"column":null}},"loc":{"start":{"line":94,"column":38},"end":{"line":139,"column":null}},"line":94},"3":{"name":"(anonymous_3)","decl":{"start":{"line":142,"column":17},"end":{"line":142,"column":null}},"loc":{"start":{"line":144,"column":38},"end":{"line":190,"column":null}},"line":144},"4":{"name":"(anonymous_4)","decl":{"start":{"line":193,"column":17},"end":{"line":193,"column":null}},"loc":{"start":{"line":195,"column":38},"end":{"line":228,"column":null}},"line":195}},"branchMap":{},"s":{"0":0,"1":0,"2":0,"3":0,"4":0,"5":0,"6":0,"7":0,"8":0,"9":0,"10":0,"11":0,"12":0,"13":0,"14":0,"15":0,"16":0,"17":0,"18":0,"19":0,"20":0,"21":0,"22":0,"23":0,"24":0,"25":0,"26":0,"27":0,"28":0,"29":0,"30":0,"31":0,"32":0,"33":0,"34":0,"35":0,"36":0,"37":0,"38":0,"39":0,"40":0,"41":0,"42":0,"43":0,"44":0,"45":0,"46":0,"47":0,"48":0,"49":0,"50":0,"51":0,"52":0},"f":{"0":0,"1":0,"2":0,"3":0,"4":0},"b":{},"meta":{"lastBranch":0,"lastFunction":5,"lastStatement":53,"seen":{"s:11:17:11:Infinity":0,"s:14:20:50:Infinity":1,"s:53:20:89:Infinity":2,"s:92:17:139:Infinity":3,"s:142:17:190:Infinity":4,"s:193:17:228:Infinity":5,"f:14:20:14:66":0,"s:16:21:16:Infinity":6,"s:20:14:22:Infinity":7,"s:26:2:49:Infinity":8,"s:28:19:28:Infinity":9,"s:31:3:43:Infinity":10,"s:31:16:31:19":11,"s:33:20:33:Infinity":12,"s:36:4:38:Infinity":13,"s:40:4:42:Infinity":14,"s:45:3:45:Infinity":15,"s:48:3:48:Infinity":16,"f:53:20:53:Infinity":1,"s:57:21:57:Infinity":17,"s:60:14:63:Infinity":18,"s:67:2:88:Infinity":19,"s:70:19:70:Infinity":20,"s:73:19:73:Infinity":21,"s:76:3:78:Infinity":22,"s:80:3:82:Infinity":23,"s:84:3:84:Infinity":24,"s:87:3:87:Infinity":25,"f:92:17:92:Infinity":2,"s:96:21:96:Infinity":26,"s:99:14:102:Infinity":27,"s:121:2:138:Infinity":28,"s:123:3:123:Infinity":29,"s:126:19:126:Infinity":30,"s:129:3:129:Infinity":31,"s:131:3:131:Infinity":32,"s:135:3:135:Infinity":33,"s:137:3:137:Infinity":34,"f:142:17:142:Infinity":3,"s:146:21:146:Infinity":35,"s:149:14:168:Infinity":36,"s:172:2:189:Infinity":37,"s:174:3:174:Infinity":38,"s:177:19:177:Infinity":39,"s:180:3:180:Infinity":40,"s:182:3:182:Infinity":41,"s:186:3:186:Infinity":42,"s:188:3:188:Infinity":43,"f:193:17:193:Infinity":4,"s:197:21:197:Infinity":44,"s:200:14:205:Infinity":45,"s:210:2:227:Infinity":46,"s:212:3:212:Infinity":47,"s:215:19:215:Infinity":48,"s:218:3:218:Infinity":49,"s:220:3:220:Infinity":50,"s:224:3:224:Infinity":51,"s:226:3:226:Infinity":52}}}
[...]
,"/app/server/repository/user_repository.ts": {"path":"/app/server/repository/user_repository.ts","statementMap":{"0":{"start":{"line":8,"column":17},"end":{"line":8,"column":null}},"1":{"start":{"line":11,"column":20},"end":{"line":42,"column":null}},"2":{"start":{"line":45,"column":20},"end":{"line":77,"column":null}},"3":{"start":{"line":80,"column":23},"end":{"line":114,"column":null}},"4":{"start":{"line":13,"column":21},"end":{"line":13,"column":null}},"5":{"start":{"line":17,"column":14},"end":{"line":19,"column":null}},"6":{"start":{"line":22,"column":2},"end":{"line":41,"column":null}},"7":{"start":{"line":24,"column":19},"end":{"line":24,"column":null}},"8":{"start":{"line":27,"column":3},"end":{"line":35,"column":null}},"9":{"start":{"line":27,"column":16},"end":{"line":27,"column":19}},"10":{"start":{"line":29,"column":20},"end":{"line":29,"column":null}},"11":{"start":{"line":32,"column":4},"end":{"line":34,"column":null}},"12":{"start":{"line":37,"column":3},"end":{"line":37,"column":null}},"13":{"start":{"line":40,"column":3},"end":{"line":40,"column":null}},"14":{"start":{"line":47,"column":21},"end":{"line":47,"column":null}},"15":{"start":{"line":50,"column":14},"end":{"line":53,"column":null}},"16":{"start":{"line":60,"column":2},"end":{"line":76,"column":null}},"17":{"start":{"line":63,"column":19},"end":{"line":63,"column":null}},"18":{"start":{"line":66,"column":19},"end":{"line":66,"column":null}},"19":{"start":{"line":68,"column":3},"end":{"line":70,"column":null}},"20":{"start":{"line":72,"column":3},"end":{"line":72,"column":null}},"21":{"start":{"line":75,"column":3},"end":{"line":75,"column":null}},"22":{"start":{"line":82,"column":21},"end":{"line":82,"column":null}},"23":{"start":{"line":85,"column":14},"end":{"line":88,"column":null}},"24":{"start":{"line":93,"column":2},"end":{"line":113,"column":null}},"25":{"start":{"line":96,"column":19},"end":{"line":96,"column":null}},"26":{"start":{"line":99,"column":3},"end":{"line":107,"column":null}},"27":{"start":{"line":99,"column":16},"end":{"line":99,"column":19}},"28":{"start":{"line":101,"column":20},"end":{"line":101,"column":null}},"29":{"start":{"line":104,"column":4},"end":{"line":106,"column":null}},"30":{"start":{"line":109,"column":3},"end":{"line":109,"column":null}},"31":{"start":{"line":112,"column":3},"end":{"line":112,"column":null}}},"fnMap":{"0":{"name":"(anonymous_0)","decl":{"start":{"line":11,"column":20},"end":{"line":11,"column":59}},"loc":{"start":{"line":11,"column":59},"end":{"line":42,"column":null}},"line":11},"1":{"name":"(anonymous_1)","decl":{"start":{"line":45,"column":20},"end":{"line":45,"column":27}},"loc":{"start":{"line":45,"column":76},"end":{"line":77,"column":null}},"line":45},"2":{"name":"(anonymous_2)","decl":{"start":{"line":80,"column":23},"end":{"line":80,"column":30}},"loc":{"start":{"line":80,"column":72},"end":{"line":114,"column":null}},"line":80}},"branchMap":{},"s":{"0":0,"1":0,"2":0,"3":0,"4":0,"5":0,"6":0,"7":0,"8":0,"9":0,"10":0,"11":0,"12":0,"13":0,"14":0,"15":0,"16":0,"17":0,"18":0,"19":0,"20":0,"21":0,"22":0,"23":0,"24":0,"25":0,"26":0,"27":0,"28":0,"29":0,"30":0,"31":0},"f":{"0":0,"1":0,"2":0},"b":{},"meta":{"lastBranch":0,"lastFunction":3,"lastStatement":32,"seen":{"s:8:17:8:Infinity":0,"s:11:20:42:Infinity":1,"s:45:20:77:Infinity":2,"s:80:23:114:Infinity":3,"f:11:20:11:59":0,"s:13:21:13:Infinity":4,"s:17:14:19:Infinity":5,"s:22:2:41:Infinity":6,"s:24:19:24:Infinity":7,"s:27:3:35:Infinity":8,"s:27:16:27:19":9,"s:29:20:29:Infinity":10,"s:32:4:34:Infinity":11,"s:37:3:37:Infinity":12,"s:40:3:40:Infinity":13,"f:45:20:45:27":1,"s:47:21:47:Infinity":14,"s:50:14:53:Infinity":15,"s:60:2:76:Infinity":16,"s:63:19:63:Infinity":17,"s:66:19:66:Infinity":18,"s:68:3:70:Infinity":19,"s:72:3:72:Infinity":20,"s:75:3:75:Infinity":21,"f:80:23:80:30":2,"s:82:21:82:Infinity":22,"s:85:14:88:Infinity":23,"s:93:2:113:Infinity":24,"s:96:19:96:Infinity":25,"s:99:3:107:Infinity":26,"s:99:16:99:19":27,"s:101:20:101:Infinity":28,"s:104:4:106:Infinity":29,"s:109:3:109:Infinity":30,"s:112:3:112:Infinity":31}}}
,"/app/server/router/action_router.ts": {"path":"/app/server/router/action_router.ts","statementMap":{"0":{"start":{"line":8,"column":18},"end":{"line":8,"column":null}},"1":{"start":{"line":11,"column":9},"end":{"line":11,"column":null}},"2":{"start":{"line":14,"column":20},"end":{"line":49,"column":null}},"3":{"start":{"line":17,"column":2},"end":{"line":17,"column":null}},"4":{"start":{"line":20,"column":2},"end":{"line":20,"column":null}},"5":{"start":{"line":24,"column":2},"end":{"line":29,"column":null}},"6":{"start":{"line":33,"column":2},"end":{"line":38,"column":null}},"7":{"start":{"line":41,"column":2},"end":{"line":45,"column":null}},"8":{"start":{"line":48,"column":2},"end":{"line":48,"column":null}}},"fnMap":{"0":{"name":"(anonymous_0)","decl":{"start":{"line":14,"column":20},"end":{"line":14,"column":26}},"loc":{"start":{"line":14,"column":26},"end":{"line":49,"column":null}},"line":14}},"branchMap":{},"s":{"0":1,"1":1,"2":1,"3":1,"4":1,"5":1,"6":1,"7":1,"8":1},"f":{"0":1},"b":{},"meta":{"lastBranch":0,"lastFunction":1,"lastStatement":9,"seen":{"s:8:18:8:Infinity":0,"s:11:9:11:Infinity":1,"s:14:20:49:Infinity":2,"f:14:20:14:26":0,"s:17:2:17:Infinity":3,"s:20:2:20:Infinity":4,"s:24:2:29:Infinity":5,"s:33:2:38:Infinity":6,"s:41:2:45:Infinity":7,"s:48:2:48:Infinity":8}}}
,"/app/server/router/animal_router.ts": {"path":"/app/server/router/animal_router.ts","statementMap":{"0":{"start":{"line":8,"column":18},"end":{"line":8,"column":null}},"1":{"start":{"line":11,"column":9},"end":{"line":11,"column":null}},"2":{"start":{"line":14,"column":20},"end":{"line":49,"column":null}},"3":{"start":{"line":17,"column":2},"end":{"line":17,"column":null}},"4":{"start":{"line":20,"column":2},"end":{"line":20,"column":null}},"5":{"start":{"line":24,"column":2},"end":{"line":29,"column":null}},"6":{"start":{"line":33,"column":2},"end":{"line":38,"column":null}},"7":{"start":{"line":41,"column":2},"end":{"line":45,"column":null}},"8":{"start":{"line":48,"column":2},"end":{"line":48,"column":null}}},"fnMap":{"0":{"name":"(anonymous_0)","decl":{"start":{"line":14,"column":20},"end":{"line":14,"column":26}},"loc":{"start":{"line":14,"column":26},"end":{"line":49,"column":null}},"line":14}},"branchMap":{},"s":{"0":1,"1":1,"2":1,"3":1,"4":1,"5":1,"6":1,"7":1,"8":1},"f":{"0":1},"b":{},"meta":{"lastBranch":0,"lastFunction":1,"lastStatement":9,"seen":{"s:8:18:8:Infinity":0,"s:11:9:11:Infinity":1,"s:14:20:49:Infinity":2,"f:14:20:14:26":0,"s:17:2:17:Infinity":3,"s:20:2:20:Infinity":4,"s:24:2:29:Infinity":5,"s:33:2:38:Infinity":6,"s:41:2:45:Infinity":7,"s:48:2:48:Infinity":8}}}
,"/app/server/router/association_router.ts": {"path":"/app/server/router/association_router.ts","statementMap":{"0":{"start":{"line":8,"column":18},"end":{"line":8,"column":null}},"1":{"start":{"line":11,"column":9},"end":{"line":13,"column":null}},"2":{"start":{"line":16,"column":20},"end":{"line":51,"column":null}},"3":{"start":{"line":19,"column":2},"end":{"line":19,"column":null}},"4":{"start":{"line":22,"column":2},"end":{"line":22,"column":null}},"5":{"start":{"line":26,"column":2},"end":{"line":31,"column":null}},"6":{"start":{"line":35,"column":2},"end":{"line":40,"column":null}},"7":{"start":{"line":43,"column":2},"end":{"line":47,"column":null}},"8":{"start":{"line":50,"column":2},"end":{"line":50,"column":null}}},"fnMap":{"0":{"name":"(anonymous_0)","decl":{"start":{"line":16,"column":20},"end":{"line":16,"column":26}},"loc":{"start":{"line":16,"column":26},"end":{"line":51,"column":null}},"line":16}},"branchMap":{},"s":{"0":1,"1":1,"2":1,"3":1,"4":1,"5":1,"6":1,"7":1,"8":1},"f":{"0":1},"b":{},"meta":{"lastBranch":0,"lastFunction":1,"lastStatement":9,"seen":{"s:8:18:8:Infinity":0,"s:11:9:13:Infinity":1,"s:16:20:51:Infinity":2,"f:16:20:16:26":0,"s:19:2:19:Infinity":3,"s:22:2:22:Infinity":4,"s:26:2:31:Infinity":5,"s:35:2:40:Infinity":6,"s:43:2:47:Infinity":7,"s:50:2:50:Infinity":8}}}
,"/app/server/router/contact_router.ts": {"path":"/app/server/router/contact_router.ts","statementMap":{"0":{"start":{"line":6,"column":18},"end":{"line":6,"column":null}},"1":{"start":{"line":9,"column":20},"end":{"line":19,"column":null}},"2":{"start":{"line":12,"column":2},"end":{"line":12,"column":null}},"3":{"start":{"line":15,"column":2},"end":{"line":15,"column":null}},"4":{"start":{"line":18,"column":2},"end":{"line":18,"column":null}}},"fnMap":{"0":{"name":"(anonymous_0)","decl":{"start":{"line":9,"column":20},"end":{"line":9,"column":26}},"loc":{"start":{"line":9,"column":26},"end":{"line":19,"column":null}},"line":9}},"branchMap":{},"s":{"0":1,"1":1,"2":1,"3":1,"4":1},"f":{"0":1},"b":{},"meta":{"lastBranch":0,"lastFunction":1,"lastStatement":5,"seen":{"s:6:18:6:Infinity":0,"s:9:20:19:Infinity":1,"f:9:20:9:26":0,"s:12:2:12:Infinity":2,"s:15:2:15:Infinity":3,"s:18:2:18:Infinity":4}}}
,"/app/server/router/country_router.ts": {"path":"/app/server/router/country_router.ts","statementMap":{"0":{"start":{"line":6,"column":18},"end":{"line":6,"column":null}},"1":{"start":{"line":9,"column":20},"end":{"line":19,"column":null}},"2":{"start":{"line":12,"column":2},"end":{"line":12,"column":null}},"3":{"start":{"line":15,"column":2},"end":{"line":15,"column":null}},"4":{"start":{"line":18,"column":2},"end":{"line":18,"column":null}}},"fnMap":{"0":{"name":"(anonymous_0)","decl":{"start":{"line":9,"column":20},"end":{"line":9,"column":26}},"loc":{"start":{"line":9,"column":26},"end":{"line":19,"column":null}},"line":9}},"branchMap":{},"s":{"0":1,"1":1,"2":1,"3":1,"4":1},"f":{"0":1},"b":{},"meta":{"lastBranch":0,"lastFunction":1,"lastStatement":5,"seen":{"s:6:18:6:Infinity":0,"s:9:20:19:Infinity":1,"f:9:20:9:26":0,"s:12:2:12:Infinity":2,"s:15:2:15:Infinity":3,"s:18:2:18:Infinity":4}}}
,"/app/server/router/department_router.ts": {"path":"/app/server/router/department_router.ts","statementMap":{"0":{"start":{"line":6,"column":18},"end":{"line":6,"column":null}},"1":{"start":{"line":9,"column":20},"end":{"line":19,"column":null}},"2":{"start":{"line":12,"column":2},"end":{"line":12,"column":null}},"3":{"start":{"line":15,"column":2},"end":{"line":15,"column":null}},"4":{"start":{"line":18,"column":2},"end":{"line":18,"column":null}}},"fnMap":{"0":{"name":"(anonymous_0)","decl":{"start":{"line":9,"column":20},"end":{"line":9,"column":26}},"loc":{"start":{"line":9,"column":26},"end":{"line":19,"column":null}},"line":9}},"branchMap":{},"s":{"0":1,"1":1,"2":1,"3":1,"4":1},"f":{"0":1},"b":{},"meta":{"lastBranch":0,"lastFunction":1,"lastStatement":5,"seen":{"s:6:18:6:Infinity":0,"s:9:20:19:Infinity":1,"f:9:20:9:26":0,"s:12:2:12:Infinity":2,"s:15:2:15:Infinity":3,"s:18:2:18:Infinity":4}}}
,"/app/server/router/homepage_router.ts": {"path":"/app/server/router/homepage_router.ts","statementMap":{"0":{"start":{"line":6,"column":18},"end":{"line":6,"column":null}},"1":{"start":{"line":9,"column":20},"end":{"line":16,"column":null}},"2":{"start":{"line":12,"column":2},"end":{"line":12,"column":null}},"3":{"start":{"line":15,"column":2},"end":{"line":15,"column":null}}},"fnMap":{"0":{"name":"(anonymous_0)","decl":{"start":{"line":9,"column":20},"end":{"line":9,"column":26}},"loc":{"start":{"line":9,"column":26},"end":{"line":16,"column":null}},"line":9}},"branchMap":{},"s":{"0":1,"1":1,"2":1,"3":1},"f":{"0":1},"b":{},"meta":{"lastBranch":0,"lastFunction":1,"lastStatement":4,"seen":{"s:6:18:6:Infinity":0,"s:9:20:16:Infinity":1,"f:9:20:9:26":0,"s:12:2:12:Infinity":2,"s:15:2:15:Infinity":3}}}
,"/app/server/router/role_router.ts": {"path":"/app/server/router/role_router.ts","statementMap":{"0":{"start":{"line":6,"column":18},"end":{"line":6,"column":null}},"1":{"start":{"line":9,"column":20},"end":{"line":19,"column":null}},"2":{"start":{"line":12,"column":2},"end":{"line":12,"column":null}},"3":{"start":{"line":15,"column":2},"end":{"line":15,"column":null}},"4":{"start":{"line":18,"column":2},"end":{"line":18,"column":null}}},"fnMap":{"0":{"name":"(anonymous_0)","decl":{"start":{"line":9,"column":20},"end":{"line":9,"column":26}},"loc":{"start":{"line":9,"column":26},"end":{"line":19,"column":null}},"line":9}},"branchMap":{},"s":{"0":1,"1":1,"2":1,"3":1,"4":1},"f":{"0":1},"b":{},"meta":{"lastBranch":0,"lastFunction":1,"lastStatement":5,"seen":{"s:6:18:6:Infinity":0,"s:9:20:19:Infinity":1,"f:9:20:9:26":0,"s:12:2:12:Infinity":2,"s:15:2:15:Infinity":3,"s:18:2:18:Infinity":4}}}
,"/app/server/router/security_router.ts": {"path":"/app/server/router/security_router.ts","statementMap":{"0":{"start":{"line":6,"column":18},"end":{"line":6,"column":null}},"1":{"start":{"line":9,"column":20},"end":{"line":16,"column":null}},"2":{"start":{"line":11,"column":2},"end":{"line":11,"column":null}},"3":{"start":{"line":12,"column":2},"end":{"line":12,"column":null}},"4":{"start":{"line":15,"column":2},"end":{"line":15,"column":null}}},"fnMap":{"0":{"name":"(anonymous_0)","decl":{"start":{"line":9,"column":20},"end":{"line":9,"column":26}},"loc":{"start":{"line":9,"column":26},"end":{"line":16,"column":null}},"line":9}},"branchMap":{},"s":{"0":1,"1":1,"2":1,"3":1,"4":1},"f":{"0":1},"b":{},"meta":{"lastBranch":0,"lastFunction":1,"lastStatement":5,"seen":{"s:6:18:6:Infinity":0,"s:9:20:16:Infinity":1,"f:9:20:9:26":0,"s:11:2:11:Infinity":2,"s:12:2:12:Infinity":3,"s:15:2:15:Infinity":4}}}
,"/app/server/router/species_router.ts": {"path":"/app/server/router/species_router.ts","statementMap":{"0":{"start":{"line":6,"column":18},"end":{"line":6,"column":null}},"1":{"start":{"line":9,"column":20},"end":{"line":19,"column":null}},"2":{"start":{"line":12,"column":2},"end":{"line":12,"column":null}},"3":{"start":{"line":15,"column":2},"end":{"line":15,"column":null}},"4":{"start":{"line":18,"column":2},"end":{"line":18,"column":null}}},"fnMap":{"0":{"name":"(anonymous_0)","decl":{"start":{"line":9,"column":20},"end":{"line":9,"column":26}},"loc":{"start":{"line":9,"column":26},"end":{"line":19,"column":null}},"line":9}},"branchMap":{},"s":{"0":1,"1":1,"2":1,"3":1,"4":1},"f":{"0":1},"b":{},"meta":{"lastBranch":0,"lastFunction":1,"lastStatement":5,"seen":{"s:6:18:6:Infinity":0,"s:9:20:19:Infinity":1,"f:9:20:9:26":0,"s:12:2:12:Infinity":2,"s:15:2:15:Infinity":3,"s:18:2:18:Infinity":4}}}
,"/app/server/router/user_action_router.ts": {"path":"/app/server/router/user_action_router.ts","statementMap":{"0":{"start":{"line":7,"column":18},"end":{"line":7,"column":null}},"1":{"start":{"line":10,"column":20},"end":{"line":34,"column":null}},"2":{"start":{"line":12,"column":2},"end":{"line":16,"column":null}},"3":{"start":{"line":19,"column":2},"end":{"line":23,"column":null}},"4":{"start":{"line":26,"column":2},"end":{"line":30,"column":null}},"5":{"start":{"line":33,"column":2},"end":{"line":33,"column":null}}},"fnMap":{"0":{"name":"(anonymous_0)","decl":{"start":{"line":10,"column":20},"end":{"line":10,"column":26}},"loc":{"start":{"line":10,"column":26},"end":{"line":34,"column":null}},"line":10}},"branchMap":{},"s":{"0":1,"1":1,"2":1,"3":1,"4":1,"5":1},"f":{"0":1},"b":{},"meta":{"lastBranch":0,"lastFunction":1,"lastStatement":6,"seen":{"s:7:18:7:Infinity":0,"s:10:20:34:Infinity":1,"f:10:20:10:26":0,"s:12:2:16:Infinity":2,"s:19:2:23:Infinity":3,"s:26:2:30:Infinity":4,"s:33:2:33:Infinity":5}}}
,"/app/server/router/user_router.ts": {"path":"/app/server/router/user_router.ts","statementMap":{"0":{"start":{"line":6,"column":18},"end":{"line":6,"column":null}},"1":{"start":{"line":9,"column":20},"end":{"line":19,"column":null}},"2":{"start":{"line":12,"column":2},"end":{"line":12,"column":null}},"3":{"start":{"line":15,"column":2},"end":{"line":15,"column":null}},"4":{"start":{"line":18,"column":2},"end":{"line":18,"column":null}}},"fnMap":{"0":{"name":"(anonymous_0)","decl":{"start":{"line":9,"column":20},"end":{"line":9,"column":26}},"loc":{"start":{"line":9,"column":26},"end":{"line":19,"column":null}},"line":9}},"branchMap":{},"s":{"0":1,"1":1,"2":1,"3":1,"4":1},"f":{"0":1},"b":{},"meta":{"lastBranch":0,"lastFunction":1,"lastStatement":5,"seen":{"s:6:18:6:Infinity":0,"s:9:20:19:Infinity":1,"f:9:20:9:26":0,"s:12:2:12:Infinity":2,"s:15:2:15:Infinity":3,"s:18:2:18:Infinity":4}}}
,"/app/server/service/file_service.ts": {"path":"/app/server/service/file_service.ts","statementMap":{"0":{"start":{"line":19,"column":17},"end":{"line":28,"column":null}},"1":{"start":{"line":21,"column":19},"end":{"line":21,"column":null}},"2":{"start":{"line":24,"column":2},"end":{"line":24,"column":null}},"3":{"start":{"line":27,"column":2},"end":{"line":27,"column":null}}},"fnMap":{"0":{"name":"(anonymous_0)","decl":{"start":{"line":19,"column":17},"end":{"line":19,"column":24}},"loc":{"start":{"line":19,"column":54},"end":{"line":28,"column":null}},"line":19}},"branchMap":{},"s":{"0":0,"1":0,"2":0,"3":0},"f":{"0":0},"b":{},"meta":{"lastBranch":0,"lastFunction":1,"lastStatement":4,"seen":{"s:19:17:28:Infinity":0,"f:19:17:19:24":0,"s:21:19:21:Infinity":1,"s:24:2:24:Infinity":2,"s:27:2:27:Infinity":3}}}
,"/app/server/service/mysql_service.ts": {"path":"/app/server/service/mysql_service.ts","statementMap":{"0":{"start":{"line":8,"column":18},"end":{"line":23,"column":null}},"1":{"start":{"line":10,"column":2},"end":{"line":20,"column":null}},"2":{"start":{"line":11,"column":3},"end":{"line":19,"column":null}},"3":{"start":{"line":22,"column":2},"end":{"line":22,"column":null}}},"fnMap":{"0":{"name":"(anonymous_0)","decl":{"start":{"line":8,"column":18},"end":{"line":8,"column":30}},"loc":{"start":{"line":8,"column":30},"end":{"line":23,"column":null}},"line":8}},"branchMap":{"0":{"loc":{"start":{"line":10,"column":2},"end":{"line":20,"column":null}},"type":"if","locations":[{"start":{"line":10,"column":2},"end":{"line":20,"column":null}},{"start":{},"end":{}}],"line":10}},"s":{"0":0,"1":0,"2":0,"3":0},"f":{"0":0},"b":{"0":[0,0]},"meta":{"lastBranch":1,"lastFunction":1,"lastStatement":4,"seen":{"s:8:18:23:Infinity":0,"f:8:18:8:30":0,"b:10:2:20:Infinity:undefined:undefined:undefined:undefined":0,"s:10:2:20:Infinity":1,"s:11:3:19:Infinity":2,"s:22:2:22:Infinity":3}}}
}
